0.000 3.12 3.5ms 0.00
0.015 3.12 5.4ms 0.00
0.030 14.35 10.0ms 0.00
0.045 20.59 11.1ms 0.00
0.060 15.60 9.4ms 0.00
0.075 4.99 11.5ms 0.00
0.090 6.24 5.2ms 0.00
0.105 14.35 11.6ms 0.00
0.120 9.36 7.9ms 0.00
0.135 3.12 9.0ms 0.00
0.150 6.24 10.0ms 0.00
0.165 20.59 11.8ms 0.00
0.180 18.72 7.6ms 0.00
0.195 18.72 10.4ms 0.00
0.210 20.59 9.8ms 0.00
0.225 6.24 4.9ms 0.00
0.240 12.48 10.8ms 0.00
0.255 15.60 11.6ms 0.00
0.270 3.12 14.0ms 0.00
0.285 12.48 7.8ms 0.00
0.300 8.11 11.1ms 0.00
0.315 20.59 13.4ms 0.00
0.330 6.24 3.9ms 0.00
0.345 14.35 11.8ms 0.00
0.360 18.72 12.4ms 0.00
0.375 12.48 7.0ms 0.00
0.390 8.11 9.0ms 0.00
0.405 20.59 10.0ms 0.00
0.420 6.24 6.4ms 0.00
0.435 6.24 9.1ms 0.00
0.450 8.11 10.0ms 0.00
0.465 6.24 5.4ms 0.00
0.480 6.24 8.0ms 0.00
0.495 8.11 11.2ms 0.00
0.510 20.59 9.1ms 0.00
0.525 6.24 4.6ms 0.00
0.540 6.24 6.9ms 0.00
0.555 3.12 8.1ms 0.00
0.570 4.99 9.2ms 0.00
0.585 3.12 5.4ms 0.00
0.600 17.47 17.4ms 0.00
0.615 20.59 12.8ms 0.00
0.630 15.60 15.5ms 0.00
0.645 4.99 16.0ms 0.00
0.660 20.59 11.0ms 0.00
0.675 20.59 9.1ms 0.00
0.690 12.48 8.8ms 0.00
0.705 3.12 12.4ms 0.00
0.720 4.99 15.2ms 0.00
0.735 6.24 8.6ms 0.00
0.750 14.35 14.8ms 0.00
0.765 20.59 10.6ms 0.00
0.780 20.59 8.5ms 0.00
0.795 20.59 11.8ms 0.00
0.810 20.59 9.6ms 0.00
0.825 9.36 7.5ms 0.00
0.840 11.23 10.0ms 0.00
0.855 9.36 5.6ms 0.00
0.870 9.36 7.8ms 0.00
0.885 20.59 8.8ms 0.00
0.900 15.60 7.8ms 0.00
0.915 4.99 8.1ms 0.00
0.930 20.59 13.5ms 0.00
0.945 20.59 9.5ms 0.00
0.960 18.72 9.5ms 0.00
0.975 20.59 13.6ms 0.00
0.990 6.24 4.0ms 0.00
1.005 14.35 9.0ms 0.00
1.020 18.72 12.6ms 0.00
1.035 20.59 12.1ms 0.00
1.050 20.59 11.9ms 0.00
1.065 12.48 10.2ms 0.00
1.080 8.11 13.6ms 0.00
1.095 9.36 7.5ms 0.00
1.110 11.23 10.0ms 0.00
1.125 18.72 13.0ms 0.00
1.140 6.24 7.2ms 0.00
1.155 14.35 11.4ms 0.00
1.170 9.36 7.5ms 0.00
1.185 11.23 13.2ms 0.00
1.200 20.59 12.0ms 0.00
1.215 20.59 11.2ms 0.00
1.230 3.12 4.2ms 0.00
1.245 6.24 6.9ms 0.00
1.260 6.24 9.2ms 0.00
1.275 4.99 10.0ms 0.00
1.290 6.24 5.8ms 0.00
1.305 14.35 11.4ms 0.00
1.320 6.24 4.4ms 0.00
1.335 14.35 9.4ms 0.00
1.350 12.48 9.0ms 0.00
1.365 6.24 11.6ms 0.00
1.380 9.36 6.0ms 0.00
1.395 9.36 8.4ms 0.00
1.410 6.24 5.1ms 0.00
1.425 14.35 12.1ms 0.00
1.440 3.12 3.9ms 0.00
1.455 6.24 8.9ms 0.00
1.470 11.23 11.9ms 0.00
1.485 18.72 9.2ms 0.00
1.500 20.59 10.6ms 0.00
1.515 9.36 9.4ms 0.00
1.530 3.12 12.0ms 0.00
1.545 3.12 12.0ms 0.00
1.560 3.12 12.0ms 0.00
1.575 20.59 8.0ms 0.00
1.590 3.12 5.6ms 0.00
1.605 9.36 9.5ms 0.00
1.620 8.11 12.0ms 0.00
1.635 20.59 14.6ms 0.00
1.650 15.60 9.1ms 0.00
1.665 4.99 11.9ms 0.00
1.680 20.59 10.9ms 0.00
1.695 6.24 10.1ms 0.00
1.710 14.35 15.0ms 0.00
1.725 12.48 11.2ms 0.00
1.740 8.11 14.0ms 0.00
1.755 3.12 5.8ms 0.00
1.770 15.60 15.8ms 0.00
1.785 15.60 13.0ms 0.00
1.800 4.99 15.1ms 0.00
1.815 6.24 6.2ms 0.00
1.830 6.24 11.1ms 0.00
1.845 6.24 14.9ms 0.00
1.860 9.36 7.6ms 0.00
1.875 11.23 10.0ms 0.00
1.890 12.48 11.9ms 0.00
1.905 3.12 14.0ms 0.00
1.920 4.99 14.2ms 0.00
1.935 20.59 14.1ms 0.00
1.950 9.36 6.8ms 0.00
1.965 11.23 10.6ms 0.00
1.980 9.36 5.1ms 0.00
1.995 11.23 10.4ms 0.00
2.010 12.48 6.8ms 0.00
2.025 8.11 8.8ms 0.00
2.040 15.60 8.5ms 0.00
2.055 4.99 9.5ms 0.00
2.070 20.59 12.2ms 0.00
2.085 6.24 5.4ms 0.00
2.100 9.36 7.9ms 0.00
2.115 4.99 8.5ms 0.00
2.130 20.59 9.0ms 0.00
2.145 9.36 6.5ms 0.00
2.160 11.23 11.8ms 0.00
2.175 20.59 8.2ms 0.00
2.190 18.72 10.5ms 0.00
2.205 15.60 9.2ms 0.00
2.220 4.99 11.5ms 0.00
2.235 12.48 7.8ms 0.00
2.250 8.11 9.0ms 0.00
2.265 12.48 10.2ms 0.00
2.280 8.11 13.2ms 0.00
2.295 6.24 4.5ms 0.00
2.310 14.35 9.0ms 0.00
2.325 12.48 6.0ms 0.00
2.340 8.11 8.1ms 0.00
2.355 20.59 9.1ms 0.00
2.370 9.36 7.6ms 0.00
2.385 11.23 13.9ms 0.00
2.400 20.59 12.6ms 0.00
2.415 18.72 9.5ms 0.00
2.430 20.59 9.6ms 0.00
2.445 12.48 10.8ms 0.00
2.460 8.11 13.9ms 0.00
2.475 9.36 9.1ms 0.00
2.490 11.23 13.5ms 0.00
2.505 3.12 5.0ms 0.00
2.520 3.12 7.2ms 0.00
2.535 14.35 12.5ms 0.00
2.550 20.59 11.6ms 0.00
2.565 12.48 8.2ms 0.00
2.580 8.11 10.0ms 0.00
2.595 9.36 8.8ms 0.00
2.610 9.36 12.0ms 0.00
2.625 3.12 8.5ms 0.00
2.640 6.24 10.1ms 0.00
2.655 11.23 13.5ms 0.00
2.670 20.59 10.5ms 0.00
2.685 18.72 9.5ms 0.00
2.700 12.48 8.2ms 0.00
2.715 8.11 9.9ms 0.00
2.730 9.36 7.2ms 0.00
2.745 9.36 10.0ms 0.00
2.760 20.59 8.4ms 0.00
2.775 20.59 10.5ms 0.00
2.790 20.59 13.8ms 0.00
2.805 18.72 10.6ms 0.00
2.820 6.24 4.9ms 0.00
2.835 14.35 9.1ms 0.00
2.850 20.59 11.6ms 0.00
2.865 15.60 8.2ms 0.00
2.880 4.99 9.2ms 0.00
2.895 20.59 8.2ms 0.00
2.910 20.59 10.0ms 0.00
2.925 20.59 10.9ms 0.00
2.940 20.59 8.1ms 0.00
2.955 20.59 10.0ms 0.00
2.970 12.48 8.4ms 0.00
2.985 3.12 11.0ms 0.00
3.000 4.99 12.4ms 0.00
3.015 12.48 8.6ms 0.00
3.030 8.11 11.2ms 0.00
3.045 12.48 8.1ms 0.00
3.060 8.11 10.0ms 0.00
3.075 18.72 10.0ms 0.00
3.090 3.12 5.6ms 0.00
3.105 17.47 11.8ms 0.00
3.120 18.72 10.0ms 0.00
3.135 20.59 13.1ms 0.00
3.150 20.59 11.1ms 0.00
3.165 20.59 10.0ms 0.00
3.180 12.48 9.6ms 0.00
3.195 8.11 12.0ms 0.00
3.210 15.60 8.5ms 0.00
3.225 4.99 10.0ms 0.00
3.240 20.59 8.4ms 0.00
3.255 20.59 8.5ms 0.00
3.270 6.24 4.2ms 0.00
3.285 14.35 9.1ms 0.00
3.300 20.59 9.0ms 0.00
3.315 20.59 9.8ms 0.00
3.330 18.72 9.0ms 0.00
3.345 3.12 3.5ms 0.00
3.360 17.47 8.5ms 0.00
3.375 20.59 9.5ms 0.00
3.390 20.59 9.0ms 0.00
3.405 3.12 4.1ms 0.00
3.420 17.47 11.2ms 0.00
3.435 6.24 4.4ms 0.00
3.450 3.12 6.0ms 0.00
3.465 6.24 9.0ms 0.00
3.480 4.99 10.0ms 0.00
3.495 3.12 4.2ms 0.00
3.510 12.48 9.0ms 0.00
3.525 4.99 9.5ms 0.00
3.540 20.59 10.1ms 0.00
3.555 9.36 7.1ms 0.00
3.570 11.23 11.6ms 0.00
3.585 15.60 6.8ms 0.00
3.600 4.99 9.6ms 0.00
3.615 3.12 3.5ms 0.00
3.630 3.12 5.0ms 0.00
3.645 6.24 6.2ms 0.00
3.660 8.11 8.1ms 0.00
3.675 6.24 4.5ms 0.00
3.690 14.35 11.4ms 0.00
3.705 15.60 7.2ms 0.00
3.720 4.99 8.4ms 0.00
3.735 3.12 3.8ms 0.00
3.750 17.47 10.8ms 0.00
3.765 9.36 6.1ms 0.00
3.780 6.24 8.0ms 0.00
3.795 4.99 9.0ms 0.00
3.810 18.72 13.2ms 0.00
3.825 9.36 9.4ms 0.00
3.840 11.23 13.0ms 0.00
3.855 20.59 7.6ms 0.00
3.870 18.72 10.0ms 0.00
3.885 20.59 14.0ms 0.00
3.900 20.59 12.0ms 0.00
3.915 15.60 8.8ms 0.00
3.930 3.12 9.5ms 0.00
3.945 20.59 8.1ms 0.00
3.960 20.59 7.9ms 0.00
3.975 18.72 8.9ms 0.00
3.990 12.48 7.6ms 0.00
4.005 8.11 13.4ms 0.00
4.020 15.60 6.6ms 0.00
4.035 3.12 8.0ms 0.00
4.050 12.48 10.8ms 0.00
4.065 8.11 12.0ms 0.00
4.080 20.59 10.9ms 0.00
4.095 6.24 5.4ms 0.00
4.110 12.48 11.9ms 0.00
4.125 18.72 9.0ms 0.00
4.140 6.24 6.0ms 0.00
4.155 14.35 16.0ms 0.00
4.170 9.36 10.0ms 0.00
4.185 11.23 10.0ms 0.00
4.200 18.72 17.5ms 0.00
4.215 6.24 21.0ms 0.00
4.230 14.35 23.1ms 0.00
4.245 9.36 8.0ms 0.00
4.260 11.23 12.1ms 0.00
4.275 20.59 9.2ms 0.00
4.290 20.59 10.2ms 0.00
4.305 3.12 3.4ms 0.00
4.320 17.47 10.9ms 0.00
4.335 18.72 9.6ms 0.00
4.350 6.24 4.2ms 0.00
4.365 12.48 8.6ms 0.00
4.380 6.24 4.0ms 0.00
4.395 6.24 7.0ms 0.00
4.410 8.11 8.0ms 0.00
4.425 20.59 12.0ms 0.00
4.440 15.60 8.5ms 0.00
4.455 4.99 10.0ms 0.00
4.470 20.59 9.6ms 0.00
4.485 20.59 9.1ms 0.00
4.500 20.59 9.0ms 0.00
4.515 20.59 8.9ms 0.00
4.530 9.36 5.8ms 0.00
4.545 11.23 9.4ms 0.00
4.560 20.59 7.5ms 0.00
4.575 20.59 8.2ms 0.00
4.590 20.59 8.1ms 0.00
4.605 9.36 6.1ms 0.00
4.620 11.23 8.0ms 0.00
4.635 3.12 5.5ms 0.00
4.650 15.60 12.1ms 0.00
4.665 20.59 8.1ms 0.00
4.680 6.24 4.2ms 0.00
4.695 6.24 7.0ms 0.00
4.710 8.11 10.1ms 0.00
4.725 12.48 7.1ms 0.00
4.740 8.11 9.9ms 0.00
4.755 20.59 8.6ms 0.00
4.770 15.60 6.6ms 0.00
4.785 4.99 8.0ms 0.00
4.800 12.48 8.8ms 0.00
4.815 3.12 10.0ms 0.00
4.830 4.99 10.2ms 0.00
4.845 6.24 6.5ms 0.00
4.860 14.35 12.0ms 0.00
4.875 6.24 6.5ms 0.00
4.890 14.35 9.0ms 0.00
4.905 20.59 9.9ms 0.00
4.920 12.48 4.9ms 0.00
4.935 3.12 6.0ms 0.00
4.950 4.99 7.2ms 0.00
4.965 6.24 6.1ms 0.00
4.980 12.48 10.0ms 0.00
4.995 20.59 12.0ms 0.00
5.010 20.59 7.6ms 0.00
5.025 15.60 7.2ms 0.00
5.040 4.99 9.0ms 0.00
5.055 9.36 5.9ms 0.00
5.070 11.23 8.6ms 0.00
5.085 15.60 8.4ms 0.00
5.100 4.99 10.0ms 0.00
5.115 6.24 5.5ms 0.00
5.130 14.35 9.0ms 0.00
5.145 15.60 8.0ms 0.00
5.160 4.99 9.0ms 0.00
5.175 6.24 4.0ms 0.00
5.190 14.35 8.8ms 0.00
5.205 6.24 5.1ms 0.00
5.220 14.35 9.0ms 0.00
5.235 20.59 8.0ms 0.00
5.250 9.36 6.8ms 0.00
5.265 11.23 10.5ms 0.00
5.280 20.59 11.0ms 0.00
5.295 6.24 5.5ms 0.00
5.310 14.35 10.4ms 0.00
5.325 20.59 9.2ms 0.00
5.340 3.12 5.4ms 0.00
5.355 17.47 11.5ms 0.00
5.370 6.24 4.0ms 0.00
5.385 12.48 7.9ms 0.00
5.400 3.12 3.6ms 0.00
5.415 3.12 5.1ms 0.00
5.430 14.35 8.9ms 0.00
5.445 9.36 8.2ms 0.00
5.460 11.23 11.5ms 0.00
5.475 18.72 9.1ms 0.00
5.490 12.48 6.1ms 0.00
5.505 8.11 6.8ms 0.00
5.520 15.60 6.9ms 0.00
5.535 3.12 9.0ms 0.00
5.550 20.59 11.1ms 0.00
5.565 18.72 7.0ms 0.00
5.580 15.60 11.9ms 0.00
5.595 3.12 13.0ms 0.00
5.610 9.36 7.9ms 0.00
5.625 11.23 11.8ms 0.00
5.640 6.24 7.6ms 0.00
5.655 14.35 12.1ms 0.00
5.670 20.59 10.0ms 0.00
5.685 6.24 4.1ms 0.00
5.700 14.35 9.4ms 0.00
5.715 3.12 20.0ms 0.00
5.730 17.47 22.2ms 0.00
5.745 9.36 26.0ms 0.00
5.760 6.24 29.1ms 0.00
5.775 4.99 31.4ms 0.00
5.790 20.59 41.0ms 0.00
5.805 20.59 22.1ms 0.00
5.820 20.59 8.2ms 0.00
5.835 3.12 4.2ms 0.00
5.850 6.24 6.9ms 0.00
5.865 11.23 12.9ms 0.00
5.880 20.59 9.4ms 0.00
5.895 20.59 9.8ms 0.00
5.910 12.48 6.1ms 0.00
5.925 8.11 8.2ms 0.00
5.940 6.24 5.6ms 0.00
5.955 14.35 10.1ms 0.00
5.970 20.59 8.0ms 0.00
5.985 20.59 9.8ms 0.00
6.000 9.36 7.4ms 0.00
6.015 11.23 13.0ms 0.00
6.030 6.24 6.4ms 0.00
6.045 12.48 14.6ms 0.00
6.060 6.24 7.9ms 0.00
6.075 6.24 13.4ms 0.00
6.090 6.24 15.2ms 0.00
6.105 20.59 10.8ms 0.00
6.120 9.36 7.1ms 0.00
6.135 11.23 12.0ms 0.00
6.150 20.59 8.4ms 0.00
6.165 6.24 5.0ms 0.00
6.180 3.12 7.5ms 0.00
6.195 11.23 11.0ms 0.00
6.210 20.59 13.5ms 0.00
6.225 9.36 9.5ms 0.00
6.240 6.24 16.1ms 0.00
6.255 4.99 19.6ms 0.00
6.270 20.59 10.2ms 0.00
6.285 20.59 10.8ms 0.00
6.300 20.59 20.0ms 0.00
6.315 15.60 16.2ms 0.00
6.330 4.99 22.0ms 0.00
6.345 6.24 10.0ms 0.00
6.360 3.12 12.4ms 0.00
6.375 11.23 17.2ms 0.00
6.390 3.12 4.5ms 0.00
6.405 17.47 13.8ms 0.00
6.420 18.72 8.8ms 0.00
6.435 20.59 12.0ms 0.00
6.450 6.24 5.0ms 0.00
6.465 14.35 11.2ms 0.00
6.480 15.60 9.0ms 0.00
6.495 4.99 10.0ms 0.00
6.510 20.59 10.4ms 0.00
6.525 20.59 10.0ms 0.00
6.540 3.12 4.2ms 0.00
6.555 17.47 8.1ms 0.00
6.570 15.60 7.1ms 0.00
6.585 4.99 8.8ms 0.00
6.600 15.60 11.5ms 0.00
6.615 4.99 13.6ms 0.00
6.630 20.59 11.6ms 0.00
6.645 3.12 4.0ms 0.00
6.660 17.47 8.2ms 0.00
6.675 9.36 7.4ms 0.00
6.690 11.23 13.4ms 0.00
6.705 15.60 7.8ms 0.00
6.720 4.99 9.2ms 0.00
6.735 20.59 11.8ms 0.00
6.750 12.48 6.5ms 0.00
6.765 8.11 9.0ms 0.00
6.780 20.59 10.0ms 0.00
6.795 15.60 8.5ms 0.00
6.810 4.99 10.0ms 0.00
6.825 9.36 9.0ms 0.00
6.840 3.12 12.1ms 0.00
6.855 3.12 14.0ms 0.00
6.870 4.99 18.5ms 0.00
6.885 20.59 15.1ms 0.00
6.900 9.36 7.5ms 0.00
6.915 11.23 12.0ms 0.00
6.930 20.59 9.9ms 0.00
6.945 20.59 11.0ms 0.00
6.960 9.36 5.1ms 0.00
6.975 6.24 7.6ms 0.00
6.990 4.99 8.6ms 0.00
7.005 20.59 10.8ms 0.00
7.020 3.12 3.1ms 0.00
7.035 15.60 8.8ms 0.00
7.050 20.59 10.2ms 0.00
7.065 20.59 9.4ms 0.00
7.080 9.36 6.2ms 0.00
7.095 11.23 10.2ms 0.00
7.110 18.72 12.5ms 0.00
7.125 6.24 5.5ms 0.00
7.140 6.24 8.2ms 0.00
7.155 3.12 9.0ms 0.00
7.170 4.99 9.9ms 0.00
7.185 20.59 12.5ms 0.00
7.200 18.72 12.0ms 0.00
7.215 20.59 11.1ms 0.00
7.230 18.72 11.5ms 0.00
7.245 20.59 8.9ms 0.00
7.260 9.36 9.1ms 0.00
7.275 11.23 13.5ms 0.00
7.290 9.36 8.1ms 0.00
7.305 11.23 9.2ms 0.00
7.320 20.59 9.0ms 0.00
7.335 6.24 8.6ms 0.00
7.350 14.35 12.0ms 0.00
7.365 9.36 7.5ms 0.00
7.380 11.23 10.5ms 0.00
7.395 20.59 12.4ms 0.00
7.410 9.36 6.9ms 0.00
7.425 11.23 10.0ms 0.00
7.440 6.24 7.6ms 0.00
7.455 14.35 14.4ms 0.00
7.470 20.59 14.9ms 0.00
7.485 18.72 13.0ms 0.00
7.500 20.59 16.1ms 0.00
7.515 18.72 19.1ms 0.00
7.530 20.59 19.2ms 0.00
7.545 20.59 23.9ms 0.00
7.560 20.59 15.0ms 0.00
7.575 15.60 9.5ms 0.00
7.590 4.99 10.0ms 0.00
7.605 15.60 11.1ms 0.00
7.620 4.99 12.0ms 0.00
7.635 20.59 17.6ms 0.00
7.650 15.60 12.6ms 0.00
7.665 4.99 12.9ms 0.00
7.680 15.60 9.5ms 0.00
7.695 4.99 11.4ms 0.00
7.710 20.59 15.2ms 0.00
7.725 3.12 4.4ms 0.00
7.740 3.12 7.1ms 0.00
7.755 9.36 13.0ms 0.00
7.770 3.12 14.4ms 0.00
7.785 12.48 10.8ms 0.00
7.800 8.11 13.0ms 0.00
7.815 6.24 4.4ms 0.00
7.830 12.48 8.4ms 0.00
7.845 20.59 13.1ms 0.00
7.860 9.36 8.9ms 0.00
7.875 6.24 12.9ms 0.00
7.890 4.99 12.9ms 0.00
7.905 6.24 6.1ms 0.00
7.920 6.24 10.2ms 0.00
7.935 6.24 12.0ms 0.00
7.950 12.48 8.6ms 0.00
7.965 8.11 12.1ms 0.00
7.980 20.59 15.2ms 0.00
7.995 6.24 5.9ms 0.00
8.010 3.12 8.5ms 0.00
8.025 11.23 12.2ms 0.00
8.040 20.59 25.9ms 0.00
8.055 20.59 25.4ms 0.00
8.070 12.48 16.4ms 0.00
8.085 6.24 24.8ms 0.00
8.100 20.59 19.1ms 0.00
8.115 9.36 9.9ms 0.00
8.130 6.24 13.6ms 0.00
8.145 4.99 16.1ms 0.00
8.160 20.59 16.8ms 0.00
8.175 20.59 15.0ms 0.00
8.190 20.59 11.1ms 0.00
8.205 9.36 4.4ms 0.00
8.220 11.23 7.6ms 0.00
8.235 18.72 15.5ms 0.00
8.250 12.48 12.2ms 0.00
8.265 8.11 15.5ms 0.00
8.280 20.59 12.4ms 0.00
8.295 20.59 12.0ms 0.00
8.310 18.72 11.5ms 0.00
8.325 12.48 7.1ms 0.00
8.340 6.24 8.4ms 0.00
8.355 20.59 9.1ms 0.00
8.370 12.48 6.2ms 0.00
8.385 6.24 8.9ms 0.00
8.400 20.59 9.5ms 0.00
8.415 20.59 9.1ms 0.00
8.430 12.48 7.2ms 0.00
8.445 8.11 9.0ms 0.00
8.460 20.59 9.0ms 0.00
8.475 9.36 6.0ms 0.00
8.490 3.12 9.4ms 0.00
8.505 8.11 11.0ms 0.00
8.520 3.12 3.9ms 0.00
8.535 17.47 13.2ms 0.00
8.550 20.59 10.8ms 0.00
8.565 20.59 9.5ms 0.00
8.580 12.48 8.1ms 0.00
8.595 8.11 10.4ms 0.00
8.610 20.59 14.4ms 0.00
8.625 15.60 17.5ms 0.00
8.640 4.99 25.0ms 0.00
8.655 18.72 18.6ms 0.00
8.670 15.60 13.0ms 0.00
8.685 4.99 14.9ms 0.00
8.700 20.59 13.1ms 0.00
8.715 3.12 4.4ms 0.00
8.730 12.48 8.2ms 0.00
8.745 4.99 10.0ms 0.00
8.760 20.59 10.8ms 0.00
8.775 20.59 10.0ms 0.00
8.790 18.72 9.1ms 0.00
8.805 12.48 6.4ms 0.00
8.820 8.11 9.6ms 0.00
8.835 20.59 13.4ms 0.00
8.850 18.72 9.1ms 0.00
8.865 20.59 8.2ms 0.00
8.880 18.72 11.1ms 0.00
8.895 20.59 9.1ms 0.00
8.910 9.36 7.6ms 0.00
8.925 11.23 9.0ms 0.00
8.940 15.60 8.2ms 0.00
8.955 4.99 9.2ms 0.00
8.970 12.48 6.9ms 0.00
8.985 8.11 9.0ms 0.00
9.000 20.59 9.2ms 0.00
9.015 15.60 6.4ms 0.00
9.030 4.99 8.1ms 0.00
9.045 9.36 6.2ms 0.00
9.060 11.23 9.6ms 0.00
9.075 15.60 8.0ms 0.00
9.090 4.99 9.1ms 0.00
9.105 20.59 9.2ms 0.00
9.120 20.59 11.0ms 0.00
9.135 20.59 9.1ms 0.00
9.150 3.12 4.0ms 0.00
9.165 9.36 6.4ms 0.00
9.180 3.12 7.0ms 0.00
9.195 4.99 8.5ms 0.00
9.210 9.36 5.9ms 0.00
9.225 11.23 11.1ms 0.00
9.240 9.36 6.2ms 0.00
9.255 11.23 9.2ms 0.00
9.270 20.59 8.6ms 0.00
9.285 20.59 10.0ms 0.00
9.300 15.60 8.0ms 0.00
9.315 4.99 9.0ms 0.00
9.330 20.59 13.9ms 0.00
9.345 20.59 19.6ms 0.00
9.360 6.24 5.5ms 0.00
9.375 14.35 9.9ms 0.00
9.390 3.12 4.2ms 0.00
9.405 17.47 9.4ms 0.00
9.420 9.36 7.1ms 0.00
9.435 6.24 8.0ms 0.00
9.450 4.99 9.0ms 0.00
9.465 15.60 7.9ms 0.00
9.480 4.99 9.1ms 0.00
9.495 9.36 5.8ms 0.00
9.510 11.23 9.4ms 0.00
9.525 20.59 8.4ms 0.00
9.540 20.59 8.1ms 0.00
9.555 20.59 9.2ms 0.00
9.570 20.59 10.0ms 0.00
9.585 6.24 3.9ms 0.00
9.600 14.35 7.4ms 0.00
9.615 20.59 9.2ms 0.00
9.630 12.48 9.5ms 0.00
9.645 8.11 15.2ms 0.00
9.660 3.12 3.5ms 0.00
9.675 9.36 8.1ms 0.00
9.690 8.11 12.0ms 0.00
9.705 3.12 3.1ms 0.00
9.720 6.24 5.0ms 0.00
9.735 11.23 8.4ms 0.00
9.750 20.59 13.5ms 0.00
9.765 20.59 9.1ms 0.00
9.780 20.59 13.0ms 0.00
9.795 3.12 4.0ms 0.00
9.810 17.47 8.5ms 0.00
9.825 9.36 7.2ms 0.00
9.840 11.23 9.0ms 0.00
9.855 20.59 13.6ms 0.00
9.870 20.59 10.0ms 0.00
9.885 20.59 8.4ms 0.00
9.900 9.36 7.8ms 0.00
9.915 6.24 10.1ms 0.00
9.930 4.99 11.0ms 0.00
9.945 20.59 11.5ms 0.00
9.960 3.12 10.4ms 0.00
9.975 15.60 19.0ms 0.00
9.990 3.12 23.0ms 0.00
10.005 12.48 28.4ms 0.00
10.020 4.99 30.6ms 0.00
10.035 3.12 19.5ms 0.00
10.050 3.12 23.6ms 0.00
10.065 3.12 27.6ms 0.00
10.080 11.23 30.0ms 0.00
10.095 15.60 13.0ms 0.00
10.110 4.99 13.0ms 0.00
10.125 3.12 3.5ms 0.00
10.140 3.12 4.6ms 0.00
10.155 3.12 6.4ms 0.00
10.170 6.24 8.1ms 0.00
10.185 4.99 11.1ms 0.00
10.200 20.59 15.1ms 0.00
10.215 20.59 21.0ms 0.00
10.230 20.59 10.1ms 0.00
10.245 18.72 11.6ms 0.00
10.260 20.59 9.2ms 0.00
10.275 3.12 3.1ms 0.00
10.290 17.47 8.0ms 0.00
10.305 20.59 8.0ms 0.00
10.320 20.59 14.0ms 0.00
10.335 15.60 9.1ms 0.00
10.350 4.99 10.0ms 0.00
10.365 20.59 12.9ms 0.00
10.380 20.59 7.6ms 0.00
10.395 18.72 8.0ms 0.00
10.410 18.72 9.8ms 0.00
10.425 15.60 14.2ms 0.00
10.440 4.99 18.1ms 0.00
10.455 12.48 9.9ms 0.00
10.470 8.11 13.1ms 0.00
10.485 6.24 4.9ms 0.00
10.500 14.35 10.0ms 0.00
10.515 20.59 7.5ms 0.00
10.530 20.59 9.1ms 0.00
10.545 20.59 8.8ms 0.00
10.560 20.59 11.1ms 0.00
10.575 12.48 7.5ms 0.00
10.590 6.24 10.0ms 0.00
10.605 6.24 5.0ms 0.00
10.620 14.35 8.5ms 0.00
10.635 9.36 6.1ms 0.00
10.650 9.36 8.0ms 0.00
10.665 6.24 6.0ms 0.00
10.680 14.35 10.2ms 0.00
10.695 12.48 6.4ms 0.00
10.710 6.24 9.4ms 0.00
10.725 20.59 9.1ms 0.00
10.740 6.24 4.2ms 0.00
10.755 6.24 7.4ms 0.00
10.770 3.12 8.5ms 0.00
10.785 4.99 9.8ms 0.00
10.800 12.48 7.0ms 0.00
10.815 8.11 8.8ms 0.00
10.830 12.48 9.2ms 0.00
10.845 8.11 13.2ms 0.00
10.860 3.12 3.0ms 0.00
10.875 15.60 7.0ms 0.00
10.890 20.59 11.5ms 0.00
10.905 9.36 6.9ms 0.00
10.920 11.23 10.0ms 0.00
10.935 20.59 8.0ms 0.00
10.950 20.59 9.4ms 0.00
10.965 6.24 3.9ms 0.00
10.980 14.35 9.0ms 0.00
10.995 15.60 10.1ms 0.00
11.010 4.99 13.0ms 0.00
11.025 20.59 9.9ms 0.00
11.040 12.48 5.6ms 0.00
11.055 8.11 8.1ms 0.00
11.070 3.12 5.4ms 0.00
11.085 12.48 11.0ms 0.00
11.100 4.99 11.9ms 0.00
11.115 20.59 9.0ms 0.00
11.130 6.24 4.5ms 0.00
11.145 14.35 7.9ms 0.00
11.160 6.24 5.8ms 0.00
11.175 3.12 7.1ms 0.00
11.190 3.12 9.2ms 0.00
11.205 8.11 10.0ms 0.00
11.220 18.72 11.8ms 0.00
11.235 6.24 6.2ms 0.00
11.250 14.35 9.1ms 0.00
11.265 15.60 15.1ms 0.00
11.280 4.99 17.1ms 0.00
11.295 12.48 12.0ms 0.00
11.310 6.24 12.0ms 0.00
11.325 9.36 9.0ms 0.00
11.340 11.23 10.4ms 0.00
11.355 15.60 12.2ms 0.00
11.370 3.12 14.0ms 0.00
11.385 20.59 12.6ms 0.00
11.400 20.59 8.2ms 0.00
11.415 6.24 7.0ms 0.00
11.430 14.35 10.9ms 0.00
11.445 20.59 8.9ms 0.00
11.460 20.59 12.2ms 0.00
11.475 3.12 4.0ms 0.00
11.490 3.12 4.0ms 0.00
11.505 6.24 5.6ms 0.00
11.520 8.11 7.8ms 0.00
11.535 6.24 4.2ms 0.00
11.550 14.35 8.6ms 0.00
11.565 20.59 8.4ms 0.00
11.580 20.59 8.1ms 0.00
11.595 20.59 8.2ms 0.00
11.610 20.59 8.8ms 0.00
11.625 20.59 14.5ms 0.00
11.640 20.59 13.5ms 0.00
11.655 15.60 9.8ms 0.00
11.670 4.99 11.5ms 0.00
11.685 20.59 9.2ms 0.00
11.700 12.48 7.6ms 0.00
11.715 8.11 9.1ms 0.00
11.730 3.12 3.8ms 0.00
11.745 6.24 6.2ms 0.00
11.760 9.36 8.0ms 0.00
11.775 6.24 5.2ms 0.00
11.790 3.12 7.0ms 0.00
11.805 11.23 8.6ms 0.00
11.820 18.72 8.2ms 0.00
11.835 15.60 8.0ms 0.00
11.850 4.99 9.0ms 0.00
11.865 20.59 13.8ms 0.00
11.880 20.59 8.6ms 0.00
11.895 3.12 3.2ms 0.00
11.910 12.48 6.9ms 0.00
11.925 4.99 8.5ms 0.00
11.940 15.60 7.1ms 0.00
11.955 4.99 8.1ms 0.00
11.970 20.59 9.2ms 0.00
11.985 6.24 6.2ms 0.00
12.000 14.35 9.6ms 0.00
12.015 20.59 11.2ms 0.00
12.030 20.59 8.6ms 0.00
12.045 20.59 8.0ms 0.00
12.060 15.60 11.0ms 0.00
12.075 4.99 11.0ms 0.00
12.090 12.48 8.5ms 0.00
12.105 8.11 9.5ms 0.00
12.120 20.59 9.9ms 0.00
12.135 6.24 4.8ms 0.00
12.150 14.35 9.4ms 0.00
12.165 12.48 6.1ms 0.00
12.180 8.11 8.2ms 0.00
12.195 20.59 14.2ms 0.00
12.210 18.72 12.4ms 0.00
12.225 20.59 12.5ms 0.00
12.240 20.59 8.6ms 0.00
12.255 3.12 3.1ms 0.00
12.270 6.24 5.0ms 0.00
12.285 11.23 8.0ms 0.00
12.300 20.59 11.6ms 0.00
12.315 18.72 7.9ms 0.00
12.330 15.60 8.2ms 0.00
12.345 4.99 11.5ms 0.00
12.360 3.12 3.6ms 0.00
12.375 17.47 14.1ms 0.00
12.390 18.72 10.4ms 0.00
12.405 15.60 7.9ms 0.00
12.420 4.99 10.6ms 0.00
12.435 20.59 11.5ms 0.00
12.450 15.60 10.6ms 0.00
12.465 3.12 13.2ms 0.00
12.480 20.59 18.6ms 0.00
12.495 6.24 7.8ms 0.00
12.510 6.24 11.2ms 0.00
12.525 8.11 14.2ms 0.00
12.540 12.48 9.0ms 0.00
12.555 6.24 12.5ms 0.00
12.570 20.59 11.4ms 0.00
12.585 9.36 7.0ms 0.00
12.600 11.23 10.4ms 0.00
12.615 18.72 11.2ms 0.00
12.630 20.59 8.2ms 0.00
12.645 3.12 4.1ms 0.00
12.660 17.47 19.1ms 0.00
12.675 15.60 19.4ms 0.00
12.690 4.99 23.5ms 0.00
12.705 20.59 15.9ms 0.00
12.720 12.48 10.5ms 0.00
12.735 6.24 13.0ms 0.00
12.750 12.48 7.8ms 0.00
12.765 8.11 11.5ms 0.00
12.780 20.59 12.1ms 0.00
12.795 20.59 22.4ms 0.00
12.810 20.59 18.1ms 0.00
12.825 9.36 8.9ms 0.00
12.840 11.23 14.5ms 0.00
12.855 20.59 14.2ms 0.00
12.870 12.48 6.5ms 0.00
12.885 3.12 10.2ms 0.00
12.900 4.99 14.5ms 0.00
12.915 6.24 4.4ms 0.00
12.930 14.35 8.6ms 0.00
12.945 20.59 8.4ms 0.00
12.960 20.59 12.5ms 0.00
12.975 20.59 9.4ms 0.00
12.990 15.60 15.5ms 0.00
13.005 4.99 20.2ms 0.00
13.020 20.59 11.2ms 0.00
13.035 18.72 7.9ms 0.00
13.050 12.48 9.5ms 0.00
13.065 8.11 12.1ms 0.00
13.080 3.12 14.8ms 0.00
13.095 15.60 25.5ms 0.00
13.110 12.48 21.0ms 0.00
13.125 3.12 23.8ms 0.00
13.140 3.12 26.5ms 0.00
13.155 20.59 25.5ms 0.00
13.170 6.24 14.2ms 0.00
13.185 6.24 19.1ms 0.00
13.200 8.11 26.9ms 0.00
13.215 20.59 20.1ms 0.00
13.230 3.12 6.9ms 0.00
13.245 15.60 18.8ms 0.00
13.260 20.59 14.1ms 0.00
13.275 15.60 8.8ms 0.00
13.290 3.12 10.0ms 0.00
13.305 3.12 3.2ms 0.00
13.320 17.47 9.2ms 0.00
13.335 6.24 6.4ms 0.00
13.350 12.48 10.0ms 0.00
13.365 12.48 6.8ms 0.00
13.380 8.11 9.0ms 0.00
13.395 20.59 15.0ms 0.00
13.410 6.24 6.9ms 0.00
13.425 3.12 10.9ms 0.00
13.440 11.23 18.6ms 0.00
13.455 9.36 10.1ms 0.00
13.470 11.23 13.5ms 0.00
13.485 20.59 12.5ms 0.00
13.500 6.24 5.5ms 0.00
13.515 14.35 10.0ms 0.00
13.530 12.48 8.1ms 0.00
13.545 8.11 10.6ms 0.00
13.560 15.60 9.4ms 0.00
13.575 4.99 11.0ms 0.00
13.590 18.72 8.8ms 0.00
13.605 3.12 4.0ms 0.00
13.620 17.47 8.6ms 0.00
13.635 20.59 8.6ms 0.00
13.650 20.59 9.9ms 0.00
13.665 18.72 10.0ms 0.00
13.680 20.59 9.0ms 0.00
13.695 20.59 7.8ms 0.00
13.710 12.48 7.6ms 0.00
13.725 3.12 9.0ms 0.00
13.740 4.99 9.2ms 0.00
13.755 6.24 5.2ms 0.00
13.770 6.24 9.0ms 0.00
13.785 8.11 10.6ms 0.00
13.800 6.24 5.1ms 0.00
13.815 6.24 8.2ms 0.00
13.830 8.11 10.0ms 0.00
13.845 15.60 9.4ms 0.00
13.860 4.99 9.9ms 0.00
13.875 15.60 11.0ms 0.00
13.890 4.99 12.5ms 0.00
13.905 15.60 8.9ms 0.00
13.920 4.99 9.1ms 0.00
13.935 6.24 5.6ms 0.00
13.950 14.35 11.4ms 0.00
13.965 20.59 11.5ms 0.00
13.980 9.36 5.1ms 0.00
13.995 6.24 7.1ms 0.00
14.010 4.99 8.1ms 0.00
14.025 20.59 9.1ms 0.00
14.040 20.59 8.4ms 0.00
14.055 12.48 5.9ms 0.00
14.070 8.11 8.8ms 0.00
14.085 18.72 9.8ms 0.00
14.100 20.59 9.8ms 0.00
14.115 12.48 6.9ms 0.00
14.130 8.11 9.8ms 0.00
14.145 15.60 7.4ms 0.00
14.160 4.99 8.9ms 0.00
14.175 20.59 13.8ms 0.00
14.190 20.59 9.8ms 0.00
14.205 20.59 8.9ms 0.00
14.220 20.59 11.9ms 0.00
14.235 20.59 8.5ms 0.00
14.250 20.59 16.1ms 0.00
14.265 15.60 11.5ms 0.00
14.280 4.99 14.9ms 0.00
14.295 20.59 11.4ms 0.00
14.310 20.59 9.2ms 0.00
14.325 20.59 10.0ms 0.00
14.340 6.24 11.5ms 0.00
14.355 12.48 16.5ms 0.00
14.370 20.59 11.6ms 0.00
14.385 6.24 5.1ms 0.00
14.400 12.48 7.6ms 0.00
14.415 20.59 8.5ms 0.00
14.430 20.59 12.9ms 0.00
14.445 20.59 20.0ms 0.00
14.460 20.59 14.5ms 0.00
14.475 20.59 10.0ms 0.00
14.490 12.48 7.8ms 0.00
14.505 8.11 9.4ms 0.00
14.520 20.59 9.1ms 0.00
14.535 20.59 9.0ms 0.00
14.550 20.59 9.2ms 0.00
14.565 6.24 3.9ms 0.00
14.580 14.35 8.8ms 0.00
14.595 3.12 4.5ms 0.00
14.610 3.12 6.0ms 0.00
14.625 9.36 8.2ms 0.00
14.640 4.99 9.1ms 0.00
14.655 20.59 9.4ms 0.00
14.670 18.72 6.2ms 0.00
14.685 20.59 8.8ms 0.00
14.700 9.36 7.6ms 0.00
14.715 11.23 10.0ms 0.00
14.730 15.60 9.0ms 0.00
14.745 4.99 9.5ms 0.00
14.760 12.48 6.8ms 0.00
14.775 8.11 8.9ms 0.00
14.790 20.59 10.0ms 0.00
14.805 20.59 9.8ms 0.00
14.820 15.60 7.8ms 0.00
14.835 4.99 8.9ms 0.00
14.850 15.60 8.9ms 0.00
14.865 3.12 10.0ms 0.00
14.880 3.12 3.4ms 0.00
14.895 9.36 8.2ms 0.00
14.910 8.11 13.1ms 0.00
14.925 18.72 10.9ms 0.00
14.940 9.36 7.5ms 0.00
14.955 11.23 10.8ms 0.00
14.970 20.59 7.6ms 0.00
14.985 20.59 11.0ms 0.00
15.000 3.12 3.1ms 0.00
15.015 17.47 11.6ms 0.00
15.030 3.12 3.4ms 0.00
15.045 9.36 7.0ms 0.00
15.060 8.11 8.6ms 0.00
15.075 6.24 9.4ms 0.00
15.090 9.36 12.0ms 0.00
15.105 3.12 13.0ms 0.00
15.120 20.59 8.9ms 0.00
15.135 15.60 6.5ms 0.00
15.150 4.99 7.5ms 0.00
15.165 12.48 6.9ms 0.00
15.180 3.12 8.1ms 0.00
15.195 4.99 9.2ms 0.00
15.210 3.12 4.2ms 0.00
15.225 15.60 13.1ms 0.00
15.240 20.59 13.5ms 0.00
15.255 20.59 11.9ms 0.00
15.270 18.72 9.1ms 0.00
15.285 6.24 4.0ms 0.00
15.300 3.12 5.5ms 0.00
15.315 11.23 8.6ms 0.00
15.330 3.12 3.0ms 0.00
15.345 17.47 10.2ms 0.00
15.360 6.24 4.9ms 0.00
15.375 3.12 8.4ms 0.00
15.390 11.23 13.4ms 0.00
15.405 6.24 4.2ms 0.00
15.420 14.35 8.9ms 0.00
15.435 9.36 7.4ms 0.00
15.450 11.23 11.5ms 0.00
15.465 6.24 5.8ms 0.00
15.480 14.35 10.0ms 0.00
15.495 20.59 10.0ms 0.00
15.510 9.36 9.4ms 0.00
15.525 11.23 14.8ms 0.00
15.540 12.48 10.0ms 0.00
15.555 8.11 12.1ms 0.00
15.570 3.12 5.0ms 0.00
15.585 6.24 5.6ms 0.00
15.600 11.23 8.5ms 0.00
15.615 15.60 6.4ms 0.00
15.630 4.99 7.6ms 0.00
15.645 20.59 10.1ms 0.00
15.660 15.60 12.6ms 0.00
15.675 4.99 17.0ms 0.00
15.690 3.12 5.0ms 0.00
15.705 17.47 12.4ms 0.00
15.720 20.59 10.9ms 0.00
15.735 20.59 7.8ms 0.00
15.750 12.48 7.8ms 0.00
15.765 3.12 10.4ms 0.00
15.780 4.99 11.2ms 0.00
15.795 20.59 8.0ms 0.00
15.810 9.36 5.1ms 0.00
15.825 11.23 8.1ms 0.00
15.840 20.59 10.8ms 0.00
15.855 12.48 6.9ms 0.00
15.870 8.11 9.0ms 0.00
15.885 20.59 8.1ms 0.00
15.900 9.36 7.4ms 0.00
15.915 6.24 10.8ms 0.00
15.930 4.99 11.9ms 0.00
15.945 20.59 8.1ms 0.00
15.960 12.48 5.2ms 0.00
15.975 6.24 7.2ms 0.00
15.990 20.59 9.0ms 0.00
16.005 20.59 8.2ms 0.00
16.020 15.60 8.1ms 0.00
16.035 4.99 9.0ms 0.00
16.050 18.72 9.6ms 0.00
16.065 3.12 3.5ms 0.00
16.080 17.47 9.5ms 0.00
16.095 20.59 15.1ms 0.00
16.110 20.59 18.0ms 0.00
16.125 6.24 6.1ms 0.00
16.140 14.35 12.1ms 0.00
16.155 12.48 6.6ms 0.00
16.170 8.11 9.0ms 0.00
16.185 15.60 7.5ms 0.00
16.200 4.99 8.9ms 0.00
16.215 9.36 10.1ms 0.00
16.230 6.24 11.0ms 0.00
16.245 4.99 11.0ms 0.00
16.260 6.24 4.9ms 0.00
16.275 6.24 6.6ms 0.00
16.290 3.12 7.2ms 0.00
16.305 4.99 8.6ms 0.00
16.320 6.24 3.6ms 0.00
16.335 14.35 9.5ms 0.00
16.350 20.59 10.1ms 0.00
16.365 20.59 11.5ms 0.00
16.380 20.59 12.2ms 0.00
16.395 20.59 15.1ms 0.00
16.410 3.12 3.9ms 0.00
16.425 17.47 16.1ms 0.00
16.440 20.59 14.5ms 0.00
16.455 20.59 13.4ms 0.00
16.470 20.59 12.4ms 0.00
16.485 15.60 11.4ms 0.00
16.500 4.99 13.0ms 0.00
16.515 20.59 11.2ms 0.00
16.530 12.48 7.6ms 0.00
16.545 8.11 9.1ms 0.00
16.560 20.59 10.0ms 0.00
16.575 20.59 8.4ms 0.00
16.590 20.59 8.9ms 0.00
16.605 18.72 10.4ms 0.00
16.620 9.36 4.9ms 0.00
16.635 6.24 7.5ms 0.00
16.650 4.99 9.5ms 0.00
16.665 3.12 3.2ms 0.00
16.680 15.60 8.2ms 0.00
16.695 20.59 8.4ms 0.00
16.710 20.59 9.2ms 0.00
16.725 15.60 7.9ms 0.00
16.740 4.99 9.1ms 0.00
16.755 6.24 7.4ms 0.00
16.770 14.35 16.0ms 0.00
16.785 15.60 13.0ms 0.00
16.800 4.99 16.8ms 0.00
16.815 3.12 4.0ms 0.00
16.830 17.47 11.0ms 0.00
16.845 20.59 13.9ms 0.00
16.860 20.59 16.8ms 0.00
16.875 9.36 7.1ms 0.00
16.890 11.23 11.2ms 0.00
16.905 20.59 14.2ms 0.00
16.920 6.24 6.0ms 0.00
16.935 14.35 13.6ms 0.00
16.950 20.59 21.4ms 0.00
16.965 20.59 16.2ms 0.00
16.980 6.24 4.6ms 0.00
16.995 12.48 11.0ms 0.00
17.010 20.59 8.8ms 0.00
17.025 12.48 8.8ms 0.00
17.040 8.11 10.5ms 0.00
17.055 20.59 12.2ms 0.00
17.070 9.36 5.9ms 0.00
17.085 11.23 9.4ms 0.00
17.100 18.72 10.2ms 0.00
17.115 9.36 5.0ms 0.00
17.130 3.12 7.0ms 0.00
17.145 3.12 8.0ms 0.00
17.160 4.99 8.2ms 0.00
17.175 20.59 8.8ms 0.00
17.190 20.59 10.9ms 0.00
17.205 20.59 8.5ms 0.00
17.220 15.60 13.8ms 0.00
17.235 4.99 17.9ms 0.00
17.250 15.60 9.2ms 0.00
17.265 4.99 12.4ms 0.00
17.280 20.59 9.1ms 0.00
17.295 6.24 4.8ms 0.00
17.310 12.48 8.0ms 0.00
17.325 15.60 7.8ms 0.00
17.340 4.99 9.8ms 0.00
17.355 12.48 7.8ms 0.00
17.370 8.11 8.5ms 0.00
17.385 20.59 10.5ms 0.00
17.400 15.60 7.9ms 0.00
17.415 4.99 8.9ms 0.00
17.430 20.59 9.5ms 0.00
17.445 12.48 6.0ms 0.00
17.460 6.24 7.1ms 0.00
17.475 15.60 8.1ms 0.00
17.490 4.99 10.6ms 0.00
17.505 9.36 5.4ms 0.00
17.520 11.23 9.0ms 0.00
17.535 9.36 4.9ms 0.00
17.550 11.23 8.6ms 0.00
17.565 9.36 5.1ms 0.00
17.580 11.23 8.1ms 0.00
17.595 6.24 4.5ms 0.00
17.610 9.36 7.4ms 0.00
17.625 4.99 8.9ms 0.00
17.640 15.60 7.0ms 0.00
17.655 4.99 8.0ms 0.00
17.670 3.12 3.5ms 0.00
17.685 9.36 6.5ms 0.00
17.700 8.11 8.8ms 0.00
17.715 3.12 3.5ms 0.00
17.730 15.60 8.6ms 0.00
17.745 18.72 7.4ms 0.00
17.760 9.36 7.2ms 0.00
17.775 11.23 12.6ms 0.00
17.790 12.48 7.0ms 0.00
17.805 8.11 8.1ms 0.00
17.820 18.72 7.0ms 0.00
17.835 15.60 8.2ms 0.00
17.850 4.99 11.2ms 0.00
17.865 20.59 8.4ms 0.00
17.880 12.48 7.6ms 0.00
17.895 3.12 8.5ms 0.00
17.910 4.99 9.8ms 0.00
17.925 9.36 6.2ms 0.00
17.940 11.23 10.8ms 0.00
17.955 12.48 5.5ms 0.00
17.970 8.11 8.0ms 0.00
17.985 9.36 7.0ms 0.00
18.000 11.23 10.2ms 0.00
18.015 20.59 9.0ms 0.00
18.030 3.12 3.0ms 0.00
18.045 17.47 8.0ms 0.00
18.060 20.59 8.5ms 0.00
18.075 12.48 7.5ms 0.00
18.090 8.11 8.8ms 0.00
18.105 20.59 7.6ms 0.00
18.120 20.59 8.1ms 0.00
18.135 20.59 8.5ms 0.00
18.150 18.72 8.4ms 0.00
18.165 20.59 7.4ms 0.00
18.180 9.36 6.4ms 0.00
18.195 11.23 8.8ms 0.00
18.210 20.59 9.4ms 0.00
18.225 12.48 5.2ms 0.00
18.240 8.11 8.0ms 0.00
18.255 9.36 5.4ms 0.00
18.270 11.23 9.5ms 0.00
18.285 20.59 8.6ms 0.00
18.300 20.59 8.8ms 0.00
18.315 18.72 8.9ms 0.00
18.330 12.48 10.5ms 0.00
18.345 8.11 12.6ms 0.00
18.360 20.59 9.6ms 0.00
18.375 15.60 7.5ms 0.00
18.390 4.99 8.4ms 0.00
18.405 15.60 7.5ms 0.00
18.420 3.12 8.2ms 0.00
18.435 12.48 5.0ms 0.00
18.450 8.11 7.1ms 0.00
18.465 9.36 6.4ms 0.00
18.480 11.23 11.9ms 0.00
18.495 6.24 5.4ms 0.00
18.510 14.35 9.5ms 0.00
18.525 20.59 8.0ms 0.00
18.540 15.60 7.9ms 0.00
18.555 4.99 10.1ms 0.00
18.570 18.72 8.0ms 0.00
18.585 18.72 8.4ms 0.00
18.600 18.72 8.5ms 0.00
18.615 15.60 7.9ms 0.00
18.630 4.99 9.5ms 0.00
18.645 3.12 4.1ms 0.00
18.660 17.47 9.0ms 0.00
18.675 20.59 9.1ms 0.00
18.690 6.24 6.1ms 0.00
18.705 14.35 10.5ms 0.00
18.720 18.72 7.2ms 0.00
18.735 6.24 5.1ms 0.00
18.750 14.35 8.1ms 0.00
18.765 18.72 7.0ms 0.00
18.780 3.12 4.2ms 0.00
18.795 6.24 6.2ms 0.00
18.810 11.23 9.0ms 0.00
18.825 15.60 8.6ms 0.00
18.840 4.99 9.5ms 0.00
18.855 15.60 6.2ms 0.00
18.870 4.99 7.8ms 0.00
18.885 12.48 6.2ms 0.00
18.900 6.24 7.8ms 0.00
18.915 20.59 13.4ms 0.00
18.930 3.12 16.0ms 0.00
18.945 12.48 17.8ms 0.00
18.960 4.99 18.4ms 0.00
18.975 18.72 9.5ms 0.00
18.990 18.72 10.8ms 0.00
19.005 20.59 7.9ms 0.00
19.020 6.24 5.9ms 0.00
19.035 14.35 10.8ms 0.00
19.050 3.12 4.5ms 0.00
19.065 17.47 7.8ms 0.00
19.080 20.59 9.0ms 0.00
19.095 20.59 8.4ms 0.00
19.110 6.24 6.0ms 0.00
19.125 14.35 9.1ms 0.00
19.140 6.24 4.5ms 0.00
19.155 14.35 8.1ms 0.00
19.170 3.12 4.5ms 0.00
19.185 17.47 16.5ms 0.00
19.200 20.59 8.1ms 0.00
19.215 12.48 7.0ms 0.00
19.230 8.11 9.0ms 0.00
19.245 15.60 8.1ms 0.00
19.260 3.12 9.0ms 0.00
19.275 6.24 4.6ms 0.00
19.290 14.35 7.2ms 0.00
19.305 6.24 4.5ms 0.00
19.320 14.35 7.9ms 0.00
19.335 15.60 7.1ms 0.00
19.350 4.99 8.6ms 0.00
19.365 9.36 6.0ms 0.00
19.380 11.23 10.0ms 0.00
19.395 20.59 9.2ms 0.00
19.410 6.24 4.5ms 0.00
19.425 9.36 7.4ms 0.00
19.440 4.99 9.1ms 0.00
19.455 12.48 7.0ms 0.00
19.470 8.11 10.2ms 0.00
19.485 9.36 4.1ms 0.00
19.500 11.23 8.0ms 0.00
19.515 9.36 5.4ms 0.00
19.530 6.24 7.0ms 0.00
19.545 4.99 8.1ms 0.00
19.560 20.59 11.2ms 0.00
19.575 20.59 11.1ms 0.00
19.590 20.59 10.5ms 0.00
19.605 6.24 5.1ms 0.00
19.620 14.35 9.6ms 0.00
19.635 20.59 9.0ms 0.00
19.650 15.60 8.1ms 0.00
19.665 4.99 9.9ms 0.00
19.680 9.36 6.8ms 0.00
19.695 11.23 8.0ms 0.00
19.710 20.59 9.5ms 0.00
19.725 15.60 6.0ms 0.00
19.740 4.99 7.1ms 0.00
19.755 15.60 8.8ms 0.00
19.770 4.99 9.1ms 0.00
19.785 20.59 9.8ms 0.00
19.800 9.36 4.2ms 0.00
19.815 11.23 7.6ms 0.00
19.830 9.36 4.5ms 0.00
19.845 11.23 10.2ms 0.00
19.860 20.59 8.9ms 0.00
19.875 20.59 10.0ms 0.00
19.890 9.36 7.4ms 0.00
19.905 11.23 13.9ms 0.00
19.920 20.59 12.4ms 0.00
19.935 9.36 5.9ms 0.00
19.950 11.23 10.0ms 0.00
19.965 15.60 9.2ms 0.00
19.980 4.99 10.2ms 0.00
19.995 9.36 5.1ms 0.00
20.010 6.24 7.5ms 0.00
20.025 3.12 8.6ms 0.00
20.040 20.59 10.0ms 0.00
20.055 20.59 11.1ms 0.00
20.070 15.60 7.1ms 0.00
20.085 4.99 8.1ms 0.00
20.100 9.36 7.4ms 0.00
20.115 11.23 11.2ms 0.00
20.130 20.59 13.0ms 0.00
20.145 6.24 5.9ms 0.00
20.160 14.35 11.6ms 0.00
20.175 12.48 8.2ms 0.00
20.190 8.11 10.0ms 0.00
20.205 20.59 7.9ms 0.00
20.220 20.59 12.5ms 0.00
20.235 15.60 9.4ms 0.00
20.250 4.99 11.6ms 0.00
20.265 20.59 14.0ms 0.00
20.280 20.59 8.6ms 0.00
20.295 20.59 11.8ms 0.00
20.310 18.72 17.0ms 0.00
20.325 15.60 11.8ms 0.00
20.340 4.99 14.1ms 0.00
20.355 9.36 5.5ms 0.00
20.370 11.23 9.1ms 0.00
20.385 20.59 8.0ms 0.00
20.400 12.48 7.0ms 0.00
20.415 8.11 9.4ms 0.00
20.430 20.59 7.9ms 0.00
20.445 15.60 10.4ms 0.00
20.460 3.12 13.0ms 0.00
20.475 20.59 9.0ms 0.00
20.490 9.36 6.1ms 0.00
20.505 6.24 9.0ms 0.00
20.520 4.99 9.0ms 0.00
20.535 20.59 10.2ms 0.00
20.550 20.59 10.5ms 0.00
20.565 12.48 6.9ms 0.00
20.580 8.11 9.6ms 0.00
20.595 20.59 10.2ms 0.00
20.610 9.36 4.4ms 0.00
20.625 11.23 7.0ms 0.00
20.640 6.24 5.0ms 0.00
20.655 14.35 9.1ms 0.00
20.670 9.36 6.1ms 0.00
20.685 3.12 7.2ms 0.00
20.700 8.11 9.2ms 0.00
20.715 20.59 9.0ms 0.00
20.730 20.59 10.0ms 0.00
20.745 12.48 8.4ms 0.00
20.760 8.11 14.0ms 0.00
20.775 20.59 20.0ms 0.00
20.790 15.60 10.9ms 0.00
20.805 4.99 11.0ms 0.00
20.820 9.36 4.8ms 0.00
20.835 11.23 8.5ms 0.00
20.850 6.24 6.9ms 0.00
20.865 14.35 12.2ms 0.00
20.880 3.12 5.5ms 0.00
20.895 17.47 13.1ms 0.00
20.910 20.59 9.0ms 0.00
20.925 20.59 8.9ms 0.00
20.940 20.59 8.0ms 0.00
20.955 20.59 14.6ms 0.00
20.970 3.12 5.4ms 0.00
20.985 17.47 11.4ms 0.00
21.000 3.12 3.2ms 0.00
21.015 9.36 7.1ms 0.00
21.030 3.12 9.0ms 0.00
21.045 4.99 9.0ms 0.00
21.060 20.59 8.6ms 0.00
21.075 9.36 5.1ms 0.00
21.090 11.23 8.8ms 0.00
21.105 6.24 4.9ms 0.00
21.120 14.35 10.1ms 0.00
21.135 20.59 8.0ms 0.00
21.150 6.24 5.1ms 0.00
21.165 3.12 6.4ms 0.00
21.180 11.23 11.6ms 0.00
21.195 3.12 5.5ms 0.00
21.210 17.47 9.0ms 0.00
21.225 20.59 8.1ms 0.00
21.240 18.72 8.4ms 0.00
21.255 20.59 8.6ms 0.00
21.270 20.59 10.9ms 0.00
21.285 20.59 7.6ms 0.00
21.300 20.59 9.9ms 0.00
21.315 20.59 9.0ms 0.00
21.330 9.36 5.8ms 0.00
21.345 11.23 8.4ms 0.00
21.360 15.60 7.1ms 0.00
21.375 3.12 8.0ms 0.00
21.390 20.59 9.6ms 0.00
21.405 20.59 11.5ms 0.00
21.420 12.48 7.2ms 0.00
21.435 8.11 9.0ms 0.00
21.450 20.59 8.9ms 0.00
21.465 18.72 8.8ms 0.00
21.480 3.12 3.0ms 0.00
21.495 15.60 8.2ms 0.00
21.510 20.59 9.1ms 0.00
21.525 15.60 8.8ms 0.00
21.540 4.99 9.1ms 0.00
21.555 20.59 11.5ms 0.00
21.570 15.60 11.5ms 0.00
21.585 4.99 14.5ms 0.00
21.600 15.60 10.0ms 0.00
21.615 4.99 11.5ms 0.00
21.630 12.48 7.1ms 0.00
21.645 8.11 8.1ms 0.00
21.660 20.59 8.1ms 0.00
21.675 20.59 9.0ms 0.00
21.690 20.59 9.5ms 0.00
21.705 18.72 7.9ms 0.00
21.720 20.59 9.0ms 0.00
21.735 20.59 7.8ms 0.00
21.750 18.72 9.5ms 0.00
21.765 20.59 7.4ms 0.00
21.780 15.60 9.6ms 0.00
21.795 3.12 10.0ms 0.00
21.810 6.24 5.0ms 0.00
21.825 12.48 8.8ms 0.00
21.840 12.48 10.2ms 0.00
21.855 8.11 13.9ms 0.00
21.870 12.48 7.0ms 0.00
21.885 8.11 9.8ms 0.00
21.900 20.59 9.4ms 0.00
21.915 12.48 6.5ms 0.00
21.930 8.11 8.9ms 0.00
21.945 18.72 7.9ms 0.00
21.960 12.48 11.2ms 0.00
21.975 8.11 14.0ms 0.00
21.990 20.59 10.0ms 0.00
22.005 20.59 12.1ms 0.00
22.020 6.24 4.5ms 0.00
22.035 14.35 10.8ms 0.00
22.050 15.60 7.0ms 0.00
22.065 4.99 8.0ms 0.00
22.080 20.59 9.0ms 0.00
22.095 20.59 8.0ms 0.00
22.110 12.48 5.6ms 0.00
22.125 8.11 7.6ms 0.00
22.140 3.12 3.2ms 0.00
22.155 17.47 8.5ms 0.00
22.170 15.60 8.6ms 0.00
22.185 4.99 10.0ms 0.00
22.200 6.24 5.9ms 0.00
22.215 14.35 13.4ms 0.00
22.230 18.72 13.8ms 0.00
22.245 12.48 8.9ms 0.00
22.260 8.11 12.2ms 0.00
22.275 3.12 4.0ms 0.00
22.290 17.47 8.9ms 0.00
22.305 6.24 5.2ms 0.00
22.320 14.35 10.6ms 0.00
22.335 12.48 10.9ms 0.00
22.350 8.11 13.5ms 0.00
22.365 9.36 5.6ms 0.00
22.380 3.12 7.0ms 0.00
22.395 6.24 9.0ms 0.00
22.410 20.59 12.0ms 0.00
22.425 15.60 8.5ms 0.00
22.440 4.99 9.8ms 0.00
22.455 20.59 8.2ms 0.00
22.470 9.36 8.4ms 0.00
22.485 11.23 11.0ms 0.00
22.500 20.59 9.1ms 0.00
22.515 3.12 2.2ms 0.00
22.530 12.48 8.8ms 0.00
22.545 3.12 10.2ms 0.00
22.560 18.72 8.9ms 0.00
22.575 9.36 6.0ms 0.00
22.590 11.23 8.6ms 0.00
22.605 12.48 10.0ms 0.00
22.620 8.11 12.2ms 0.00
22.635 12.48 7.4ms 0.00
22.650 8.11 9.1ms 0.00
22.665 20.59 10.5ms 0.00
22.680 20.59 10.0ms 0.00
22.695 20.59 11.9ms 0.00
22.710 18.72 7.2ms 0.00
22.725 20.59 8.2ms 0.00
22.740 6.24 5.2ms 0.00
22.755 3.12 6.5ms 0.00
22.770 11.23 12.2ms 0.00
22.785 15.60 8.1ms 0.00
22.800 4.99 9.4ms 0.00
22.815 3.12 13.0ms 0.00
22.830 17.47 16.9ms 0.00
22.845 18.72 7.4ms 0.00
22.860 9.36 6.5ms 0.00
22.875 11.23 9.4ms 0.00
22.890 20.59 8.4ms 0.00
22.905 20.59 9.8ms 0.00
22.920 12.48 5.5ms 0.00
22.935 8.11 7.9ms 0.00
22.950 20.59 12.0ms 0.00
22.965 15.60 10.8ms 0.00
22.980 4.99 12.0ms 0.00
22.995 12.48 8.5ms 0.00
23.010 8.11 11.9ms 0.00
23.025 20.59 12.5ms 0.00
23.040 20.59 9.0ms 0.00
23.055 15.60 8.8ms 0.00
23.070 4.99 9.5ms 0.00
23.085 12.48 8.2ms 0.00
23.100 8.11 12.1ms 0.00
23.115 20.59 10.0ms 0.00
23.130 20.59 8.9ms 0.00
23.145 20.59 8.0ms 0.00
23.160 20.59 9.6ms 0.00
23.175 15.60 10.6ms 0.00
23.190 4.99 12.0ms 0.00
23.205 20.59 7.1ms 0.00
23.220 20.59 8.2ms 0.00
23.235 20.59 11.0ms 0.00
23.250 20.59 12.6ms 0.00
23.265 18.72 15.6ms 0.00
23.280 9.36 8.4ms 0.00
23.295 11.23 13.4ms 0.00
23.310 20.59 10.1ms 0.00
23.325 12.48 7.1ms 0.00
23.340 6.24 9.6ms 0.00
23.355 6.24 5.1ms 0.00
23.370 9.36 8.2ms 0.00
23.385 4.99 9.4ms 0.00
23.400 9.36 4.0ms 0.00
23.415 6.24 9.5ms 0.00
23.430 4.99 11.0ms 0.00
23.445 20.59 9.1ms 0.00
23.460 6.24 6.0ms 0.00
23.475 12.48 8.0ms 0.00
23.490 3.12 4.6ms 0.00
23.505 17.47 13.1ms 0.00
23.520 20.59 12.0ms 0.00
23.535 20.59 9.0ms 0.00
23.550 15.60 8.8ms 0.00
23.565 4.99 9.6ms 0.00
23.580 15.60 8.0ms 0.00
23.595 4.99 9.0ms 0.00
23.610 6.24 5.0ms 0.00
23.625 14.35 8.0ms 0.00
23.640 20.59 6.4ms 0.00
23.655 12.48 7.1ms 0.00
23.670 3.12 9.0ms 0.00
23.685 3.12 10.0ms 0.00
23.700 3.12 3.5ms 0.00
23.715 17.47 7.4ms 0.00
23.730 20.59 9.2ms 0.00
23.745 20.59 9.6ms 0.00
23.760 15.60 6.9ms 0.00
23.775 4.99 8.1ms 0.00
23.790 20.59 7.0ms 0.00
23.805 15.60 8.8ms 0.00
23.820 4.99 10.0ms 0.00
23.835 15.60 6.0ms 0.00
23.850 3.12 6.4ms 0.00
23.865 6.24 5.1ms 0.00
23.880 6.24 6.9ms 0.00
23.895 8.11 9.0ms 0.00
23.910 20.59 9.1ms 0.00
23.925 6.24 5.4ms 0.00
23.940 6.24 7.0ms 0.00
23.955 8.11 8.0ms 0.00
23.970 6.24 4.9ms 0.00
23.985 14.35 7.9ms 0.00
24.000 20.59 8.0ms 0.00
24.015 6.24 4.5ms 0.00
24.030 12.48 7.9ms 0.00
24.045 3.12 4.0ms 0.00
24.060 17.47 8.1ms 0.00
24.075 20.59 8.8ms 0.00
24.090 12.48 5.1ms 0.00
24.105 8.11 8.5ms 0.00
24.120 3.12 3.5ms 0.00
24.135 17.47 8.8ms 0.00
24.150 6.24 4.4ms 0.00
24.165 12.48 8.1ms 0.00
24.180 18.72 6.9ms 0.00
24.195 15.60 7.5ms 0.00
24.210 4.99 10.2ms 0.00
24.225 20.59 8.4ms 0.00
24.240 20.59 8.8ms 0.00
24.255 20.59 8.4ms 0.00
24.270 20.59 9.6ms 0.00
24.285 9.36 6.4ms 0.00
24.300 11.23 9.4ms 0.00
24.315 20.59 9.4ms 0.00
24.330 18.72 9.0ms 0.00
24.345 12.48 7.4ms 0.00
24.360 8.11 9.9ms 0.00
24.375 12.48 7.2ms 0.00
24.390 8.11 9.0ms 0.00
24.405 18.72 9.5ms 0.00
24.420 6.24 5.9ms 0.00
24.435 14.35 9.0ms 0.00
24.450 20.59 9.5ms 0.00
24.465 6.24 5.1ms 0.00
24.480 14.35 8.5ms 0.00
24.495 15.60 8.9ms 0.00
24.510 4.99 10.4ms 0.00
24.525 3.12 4.1ms 0.00
24.540 17.47 9.4ms 0.00
24.555 12.48 14.6ms 0.00
24.570 8.11 18.5ms 0.00
24.585 15.60 24.9ms 0.00
24.600 4.99 28.2ms 0.00
24.615 20.59 35.1ms 0.00
24.630 3.12 7.0ms 0.00
24.645 17.47 10.4ms 0.00
24.660 18.72 10.0ms 0.00
24.675 9.36 5.5ms 0.00
24.690 9.36 9.0ms 0.00
24.705 15.60 6.8ms 0.00
24.720 4.99 9.0ms 0.00
24.735 20.59 8.1ms 0.00
24.750 20.59 13.1ms 0.00
24.765 15.60 11.0ms 0.00
24.780 4.99 12.0ms 0.00
24.795 20.59 9.4ms 0.00
24.810 3.12 3.0ms 0.00
24.825 15.60 7.5ms 0.00
24.840 3.12 4.0ms 0.00
24.855 17.47 8.5ms 0.00
24.870 20.59 11.1ms 0.00
24.885 20.59 7.5ms 0.00
24.900 20.59 9.6ms 0.00
24.915 20.59 10.5ms 0.00
24.930 6.24 4.5ms 0.00
24.945 3.12 5.1ms 0.00
24.960 11.23 8.1ms 0.00
24.975 9.36 6.1ms 0.00
24.990 3.12 7.0ms 0.00
25.005 3.12 8.0ms 0.00
25.020 4.99 8.1ms 0.00
25.035 3.12 4.5ms 0.00
25.050 17.47 8.8ms 0.00
25.065 3.12 5.5ms 0.00
25.080 15.60 13.0ms 0.00
25.095 20.59 8.8ms 0.00
25.110 18.72 8.0ms 0.00
25.125 9.36 4.9ms 0.00
25.140 3.12 5.4ms 0.00
25.155 8.11 8.0ms 0.00
25.170 3.12 3.4ms 0.00
25.185 17.47 9.4ms 0.00
25.200 20.59 8.5ms 0.00
25.215 12.48 10.0ms 0.00
25.230 8.11 11.0ms 0.00
25.245 9.36 4.2ms 0.00
25.260 9.36 7.0ms 0.00
25.275 9.36 6.1ms 0.00
25.290 11.23 7.2ms 0.00
25.305 12.48 6.0ms 0.00
25.320 8.11 8.1ms 0.00
25.335 20.59 10.0ms 0.00
25.350 20.59 8.9ms 0.00
25.365 20.59 9.4ms 0.00
25.380 3.12 2.1ms 0.00
25.395 17.47 9.0ms 0.00
25.410 20.59 9.9ms 0.00
25.425 15.60 6.6ms 0.00
25.440 3.12 7.4ms 0.00
25.455 3.12 3.4ms 0.00
25.470 17.47 8.2ms 0.00
25.485 3.12 4.0ms 0.00
25.500 3.12 4.8ms 0.00
25.515 6.24 7.5ms 0.00
25.530 8.11 9.2ms 0.00
25.545 20.59 9.0ms 0.00
25.560 18.72 7.9ms 0.00
25.575 15.60 9.6ms 0.00
25.590 4.99 10.0ms 0.00
25.605 20.59 11.0ms 0.00
25.620 20.59 9.5ms 0.00
25.635 15.60 11.6ms 0.00
25.650 4.99 14.8ms 0.00
25.665 6.24 5.1ms 0.00
25.680 14.35 9.0ms 0.00
25.695 20.59 7.5ms 0.00
25.710 6.24 4.8ms 0.00
25.725 6.24 7.1ms 0.00
25.740 8.11 8.1ms 0.00
25.755 12.48 5.1ms 0.00
25.770 3.12 6.0ms 0.00
25.785 3.12 7.0ms 0.00
25.800 12.48 6.4ms 0.00
25.815 8.11 8.8ms 0.00
25.830 15.60 6.9ms 0.00
25.845 4.99 8.1ms 0.00
25.860 15.60 6.9ms 0.00
25.875 4.99 7.6ms 0.00
25.890 18.72 7.0ms 0.00
25.905 15.60 7.9ms 0.00
25.920 4.99 8.1ms 0.00
25.935 18.72 7.6ms 0.00
25.950 9.36 9.1ms 0.00
25.965 11.23 14.8ms 0.00
25.980 18.72 10.2ms 0.00
25.995 6.24 4.9ms 0.00
26.010 14.35 8.1ms 0.00
26.025 20.59 6.6ms 0.00
26.040 20.59 6.9ms 0.00
26.055 12.48 4.5ms 0.00
26.070 8.11 6.9ms 0.00
26.085 3.12 4.0ms 0.00
26.100 9.36 7.6ms 0.00
26.115 8.11 10.1ms 0.00
26.130 9.36 5.2ms 0.00
26.145 3.12 6.4ms 0.00
26.160 6.24 8.0ms 0.00
26.175 15.60 7.9ms 0.00
26.190 4.99 9.0ms 0.00
26.205 12.48 5.4ms 0.00
26.220 8.11 7.9ms 0.00
26.235 9.36 4.9ms 0.00
26.250 11.23 8.1ms 0.00
26.265 12.48 7.6ms 0.00
26.280 8.11 9.4ms 0.00
26.295 20.59 7.1ms 0.00
26.310 18.72 8.0ms 0.00
26.325 18.72 8.0ms 0.00
26.340 9.36 6.4ms 0.00
26.355 3.12 8.0ms 0.00
26.370 3.12 8.0ms 0.00
26.385 3.12 8.4ms 0.00
26.400 18.72 7.1ms 0.00
26.415 9.36 7.0ms 0.00
26.430 9.36 11.0ms 0.00
26.445 9.36 5.0ms 0.00
26.460 11.23 8.1ms 0.00
26.475 20.59 11.2ms 0.00
26.490 20.59 11.9ms 0.00
26.505 9.36 5.0ms 0.00
26.520 11.23 7.8ms 0.00
26.535 20.59 7.8ms 0.00
26.550 15.60 6.4ms 0.00
26.565 4.99 8.0ms 0.00
26.580 12.48 7.5ms 0.00
26.595 8.11 10.2ms 0.00
26.610 9.36 4.2ms 0.00
26.625 11.23 8.0ms 0.00
26.640 20.59 9.4ms 0.00
26.655 20.59 7.8ms 0.00
26.670 9.36 6.1ms 0.00
26.685 6.24 8.1ms 0.00
26.700 4.99 9.0ms 0.00
26.715 18.72 7.5ms 0.00
26.730 20.59 7.6ms 0.00
26.745 9.36 5.2ms 0.00
26.760 6.24 8.1ms 0.00
26.775 4.99 9.6ms 0.00
26.790 20.59 10.0ms 0.00
26.805 18.72 9.2ms 0.00
26.820 18.72 7.9ms 0.00
26.835 12.48 5.2ms 0.00
26.850 8.11 7.4ms 0.00
26.865 15.60 8.0ms 0.00
26.880 4.99 10.0ms 0.00
26.895 9.36 5.8ms 0.00
26.910 11.23 9.0ms 0.00
26.925 12.48 7.5ms 0.00
26.940 8.11 9.0ms 0.00
26.955 15.60 6.0ms 0.00
26.970 4.99 7.2ms 0.00
26.985 18.72 6.6ms 0.00
27.000 20.59 7.2ms 0.00
27.015 20.59 8.6ms 0.00
27.030 3.12 5.1ms 0.00
27.045 15.60 8.9ms 0.00
27.060 20.59 8.8ms 0.00
27.075 12.48 5.0ms 0.00
27.090 8.11 7.0ms 0.00
27.105 3.12 4.0ms 0.00
27.120 15.60 7.6ms 0.00
27.135 20.59 7.5ms 0.00
27.150 18.72 7.4ms 0.00
27.165 18.72 10.8ms 0.00
27.180 20.59 9.6ms 0.00
27.195 6.24 4.2ms 0.00
27.210 14.35 10.1ms 0.00
27.225 12.48 7.1ms 0.00
27.240 8.11 8.0ms 0.00
27.255 15.60 10.0ms 0.00
27.270 4.99 10.9ms 0.00
27.285 6.24 5.0ms 0.00
27.300 12.48 8.8ms 0.00
27.315 20.59 8.0ms 0.00
27.330 18.72 7.9ms 0.00
27.345 20.59 9.1ms 0.00
27.360 12.48 7.1ms 0.00
27.375 8.11 8.4ms 0.00
27.390 20.59 7.2ms 0.00
27.405 20.59 9.4ms 0.00
27.420 3.12 4.4ms 0.00
27.435 17.47 9.2ms 0.00
27.450 20.59 8.8ms 0.00
27.465 18.72 7.2ms 0.00
27.480 3.12 3.5ms 0.00
27.495 3.12 5.1ms 0.00
27.510 9.36 7.2ms 0.00
27.525 3.12 8.2ms 0.00
27.540 18.72 16.6ms 0.00
27.555 20.59 9.6ms 0.00
27.570 20.59 10.1ms 0.00
27.585 9.36 5.4ms 0.00
27.600 11.23 8.6ms 0.00
27.615 15.60 11.1ms 0.00
27.630 4.99 13.0ms 0.00
27.645 20.59 7.8ms 0.00
27.660 18.72 9.2ms 0.00
27.675 15.60 7.5ms 0.00
27.690 3.12 8.0ms 0.00
27.705 12.48 5.8ms 0.00
27.720 8.11 8.1ms 0.00
27.735 12.48 10.1ms 0.00
27.750 8.11 15.8ms 0.00
27.765 6.24 6.0ms 0.00
27.780 14.35 8.8ms 0.00
27.795 12.48 9.2ms 0.00
27.810 6.24 10.0ms 0.00
27.825 12.48 6.1ms 0.00
27.840 8.11 8.5ms 0.00
27.855 6.24 3.6ms 0.00
27.870 9.36 6.6ms 0.00
27.885 3.12 8.0ms 0.00
27.900 20.59 8.4ms 0.00
27.915 15.60 7.9ms 0.00
27.930 4.99 9.5ms 0.00
27.945 12.48 7.4ms 0.00
27.960 6.24 9.2ms 0.00
27.975 20.59 11.4ms 0.00
27.990 20.59 8.0ms 0.00
28.005 9.36 6.2ms 0.00
28.020 9.36 8.4ms 0.00
28.035 3.12 4.1ms 0.00
28.050 17.47 8.5ms 0.00
28.065 15.60 7.0ms 0.00
28.080 4.99 7.6ms 0.00
28.095 9.36 6.4ms 0.00
28.110 11.23 9.0ms 0.00
28.125 6.24 5.9ms 0.00
28.140 12.48 11.4ms 0.00
28.155 3.12 4.0ms 0.00
28.170 9.36 6.8ms 0.00
28.185 3.12 8.5ms 0.00
28.200 4.99 10.2ms 0.00
28.215 20.59 10.0ms 0.00
28.230 12.48 6.1ms 0.00
28.245 8.11 8.8ms 0.00
28.260 20.59 10.5ms 0.00
28.275 12.48 9.0ms 0.00
28.290 8.11 13.0ms 0.00
28.305 3.12 3.0ms 0.00
28.320 17.47 9.1ms 0.00
28.335 15.60 8.2ms 0.00
28.350 4.99 11.0ms 0.00
28.365 15.60 8.5ms 0.00
28.380 4.99 10.2ms 0.00
28.395 20.59 9.1ms 0.00
28.410 18.72 8.0ms 0.00
28.425 20.59 9.5ms 0.00
28.440 15.60 7.5ms 0.00
28.455 4.99 9.6ms 0.00
28.470 3.12 10.0ms 0.00
28.485 12.48 13.1ms 0.00
28.500 4.99 15.8ms 0.00
28.515 12.48 8.1ms 0.00
28.530 8.11 9.8ms 0.00
28.545 15.60 8.5ms 0.00
28.560 4.99 11.2ms 0.00
28.575 20.59 8.9ms 0.00
28.590 6.24 7.5ms 0.00
28.605 14.35 10.9ms 0.00
28.620 20.59 9.0ms 0.00
28.635 12.48 6.8ms 0.00
28.650 8.11 9.1ms 0.00
28.665 12.48 14.4ms 0.00
28.680 6.24 16.4ms 0.00
28.695 9.36 8.1ms 0.00
28.710 9.36 11.6ms 0.00
28.725 15.60 8.0ms 0.00
28.740 3.12 8.2ms 0.00
28.755 18.72 8.4ms 0.00
28.770 20.59 8.8ms 0.00
28.785 20.59 8.1ms 0.00
28.800 6.24 5.6ms 0.00
28.815 3.12 6.0ms 0.00
28.830 3.12 7.0ms 0.00
28.845 8.11 9.1ms 0.00
28.860 15.60 7.5ms 0.00
28.875 4.99 9.2ms 0.00
28.890 6.24 4.2ms 0.00
28.905 12.48 8.0ms 0.00
28.920 9.36 6.1ms 0.00
28.935 11.23 9.8ms 0.00
28.950 20.59 9.6ms 0.00
28.965 20.59 9.4ms 0.00
28.980 12.48 8.4ms 0.00
28.995 8.11 10.5ms 0.00
29.010 20.59 14.6ms 0.00
29.025 6.24 5.0ms 0.00
29.040 14.35 9.0ms 0.00
29.055 15.60 6.4ms 0.00
29.070 4.99 8.5ms 0.00
29.085 20.59 9.1ms 0.00
29.100 12.48 5.1ms 0.00
29.115 8.11 7.0ms 0.00
29.130 18.72 11.4ms 0.00
29.145 12.48 5.9ms 0.00
29.160 8.11 9.1ms 0.00
29.175 20.59 9.5ms 0.00
29.190 20.59 10.0ms 0.00
29.205 18.72 10.0ms 0.00
29.220 12.48 4.8ms 0.00
29.235 8.11 7.1ms 0.00
29.250 3.12 6.5ms 0.00
29.265 3.12 8.0ms 0.00
29.280 12.48 9.0ms 0.00
29.295 20.59 13.0ms 0.00
29.310 6.24 5.9ms 0.00
29.325 6.24 8.0ms 0.00
29.340 8.11 9.1ms 0.00
29.355 6.24 7.0ms 0.00
29.370 14.35 10.2ms 0.00
29.385 12.48 6.4ms 0.00
29.400 6.24 8.8ms 0.00
29.415 12.48 6.8ms 0.00
29.430 6.24 8.5ms 0.00
29.445 9.36 7.1ms 0.00
29.460 11.23 10.5ms 0.00
29.475 20.59 9.0ms 0.00
29.490 15.60 8.0ms 0.00
29.505 4.99 9.0ms 0.00
29.520 15.60 8.6ms 0.00
29.535 4.99 10.0ms 0.00
29.550 20.59 15.5ms 0.00
29.565 9.36 6.8ms 0.00
29.580 11.23 9.1ms 0.00
29.595 20.59 10.4ms 0.00
29.610 6.24 5.2ms 0.00
29.625 12.48 8.0ms 0.00
29.640 6.24 6.1ms 0.00
29.655 12.48 11.8ms 0.00
29.670 20.59 8.5ms 0.00
29.685 18.72 8.0ms 0.00
29.700 9.36 6.2ms 0.00
29.715 11.23 8.2ms 0.00
29.730 12.48 6.9ms 0.00
29.745 6.24 8.2ms 0.00
29.760 15.60 9.0ms 0.00
29.775 4.99 9.2ms 0.00
29.790 20.59 7.8ms 0.00
29.805 20.59 9.1ms 0.00
29.820 15.60 7.2ms 0.00
29.835 4.99 8.8ms 0.00
29.850 12.48 5.5ms 0.00
29.865 6.24 7.8ms 0.00
29.880 20.59 9.0ms 0.00
29.895 15.60 13.0ms 0.00
29.910 3.12 15.0ms 0.00
29.925 9.36 7.2ms 0.00
29.940 3.12 8.0ms 0.00
29.955 8.11 9.0ms 0.00
29.970 20.59 9.0ms 0.00
29.985 15.60 5.9ms 0.00
30.000 4.99 7.4ms 0.00
30.015 18.72 7.2ms 0.00
30.030 18.72 13.6ms 0.00
30.045 20.59 14.4ms 0.00
30.060 20.59 13.2ms 0.00
30.075 12.48 8.0ms 0.00
30.090 8.11 11.0ms 0.00
30.105 15.60 8.5ms 0.00
30.120 4.99 10.4ms 0.00
30.135 15.60 6.4ms 0.00
30.150 4.99 7.1ms 0.00
30.165 18.72 13.4ms 0.00
30.180 9.36 7.2ms 0.00
30.195 3.12 10.5ms 0.00
30.210 8.11 12.0ms 0.00
30.225 12.48 6.5ms 0.00
30.240 6.24 9.0ms 0.00
30.255 6.24 5.8ms 0.00
30.270 14.35 8.6ms 0.00
30.285 20.59 7.5ms 0.00
30.300 15.60 6.4ms 0.00
30.315 4.99 8.5ms 0.00
30.330 6.24 9.0ms 0.00
30.345 6.24 9.9ms 0.00
30.360 8.11 12.5ms 0.00
30.375 20.59 9.5ms 0.00
30.390 20.59 8.9ms 0.00
30.405 20.59 9.0ms 0.00
30.420 6.24 4.5ms 0.00
30.435 6.24 8.0ms 0.00
30.450 8.11 10.1ms 0.00
30.465 20.59 8.4ms 0.00
30.480 6.24 5.1ms 0.00
30.495 14.35 9.1ms 0.00
30.510 3.12 4.8ms 0.00
30.525 17.47 10.0ms 0.00
30.540 12.48 6.9ms 0.00
30.555 8.11 8.2ms 0.00
30.570 20.59 10.0ms 0.00
30.585 15.60 7.0ms 0.00
30.600 3.12 8.0ms 0.00
30.615 15.60 8.0ms 0.00
30.630 3.12 8.4ms 0.00
30.645 12.48 7.0ms 0.00
30.660 8.11 9.0ms 0.00
30.675 3.12 5.0ms 0.00
30.690 12.48 8.0ms 0.00
30.705 4.99 9.5ms 0.00
30.720 9.36 6.0ms 0.00
30.735 11.23 8.5ms 0.00
30.750 20.59 8.8ms 0.00
30.765 12.48 6.0ms 0.00
30.780 8.11 8.4ms 0.00
30.795 20.59 8.5ms 0.00
30.810 18.72 9.0ms 0.00
30.825 12.48 6.2ms 0.00
30.840 8.11 10.2ms 0.00
30.855 9.36 9.0ms 0.00
30.870 11.23 15.0ms 0.00
30.885 20.59 9.8ms 0.00
30.900 20.59 8.4ms 0.00
30.915 9.36 11.1ms 0.00
30.930 9.36 17.2ms 0.00
30.945 6.24 5.1ms 0.00
30.960 6.24 7.5ms 0.00
30.975 8.11 10.9ms 0.00
30.990 15.60 6.9ms 0.00
31.005 4.99 8.5ms 0.00
31.020 20.59 10.4ms 0.00
31.035 15.60 8.1ms 0.00
31.050 4.99 10.1ms 0.00
31.065 20.59 10.6ms 0.00
31.080 20.59 9.5ms 0.00
31.095 20.59 14.1ms 0.00
31.110 3.12 4.4ms 0.00
31.125 17.47 17.1ms 0.00
31.140 15.60 9.6ms 0.00
31.155 4.99 13.5ms 0.00
31.170 9.36 10.0ms 0.00
31.185 11.23 23.5ms 0.00
31.200 20.59 21.4ms 0.00
31.215 18.72 25.0ms 0.00
31.230 20.59 28.0ms 0.00
31.245 20.59 33.9ms 0.00
31.260 12.48 28.2ms 0.00
31.275 8.11 33.0ms 0.00
31.290 20.59 30.1ms 0.00
31.305 12.48 21.9ms 0.00
31.320 8.11 28.2ms 0.00
31.335 20.59 17.0ms 0.00
31.350 20.59 20.1ms 0.00
31.365 20.59 21.9ms 0.00
31.380 15.60 14.8ms 0.00
31.395 4.99 18.1ms 0.00
31.410 12.48 12.5ms 0.00
31.425 8.11 17.6ms 0.00
31.440 20.59 9.2ms 0.00
31.455 6.24 8.8ms 0.00
31.470 12.48 13.9ms 0.00
31.485 3.12 5.0ms 0.00
31.500 3.12 5.9ms 0.00
31.515 14.35 9.5ms 0.00
31.530 20.59 10.1ms 0.00
31.545 15.60 10.9ms 0.00
31.560 4.99 14.0ms 0.00
31.575 6.24 6.1ms 0.00
31.590 14.35 13.9ms 0.00
31.605 9.36 9.6ms 0.00
31.620 6.24 14.1ms 0.00
31.635 4.99 15.4ms 0.00
31.650 9.36 6.2ms 0.00
31.665 11.23 9.2ms 0.00
31.680 6.24 5.9ms 0.00
31.695 14.35 20.0ms 0.00
31.710 15.60 14.8ms 0.00
31.725 4.99 19.4ms 0.00
31.740 20.59 16.6ms 0.00
31.755 20.59 16.9ms 0.00
31.770 20.59 11.0ms 0.00
31.785 20.59 9.0ms 0.00
31.800 20.59 11.8ms 0.00
31.815 18.72 10.0ms 0.00
31.830 9.36 6.4ms 0.00
31.845 11.23 9.0ms 0.00
31.860 20.59 9.0ms 0.00
31.875 15.60 8.4ms 0.00
31.890 4.99 9.1ms 0.00
31.905 18.72 9.0ms 0.00
31.920 20.59 9.1ms 0.00
31.935 6.24 4.5ms 0.00
31.950 14.35 8.4ms 0.00
31.965 20.59 10.1ms 0.00
31.980 20.59 13.2ms 0.00
31.995 15.60 8.2ms 0.00
32.010 4.99 9.0ms 0.00
32.025 3.12 5.2ms 0.00
32.040 3.12 6.5ms 0.00
32.055 12.48 9.4ms 0.00
32.070 20.59 8.6ms 0.00
32.085 12.48 7.5ms 0.00
32.100 8.11 9.2ms 0.00
32.115 20.59 11.5ms 0.00
32.130 3.12 4.9ms 0.00
32.145 17.47 9.2ms 0.00
32.160 20.59 9.2ms 0.00
32.175 20.59 10.9ms 0.00
32.190 3.12 4.6ms 0.00
32.205 17.47 11.8ms 0.00
32.220 20.59 10.2ms 0.00
32.235 9.36 5.9ms 0.00
32.250 11.23 10.2ms 0.00
32.265 20.59 10.0ms 0.00
32.280 9.36 4.6ms 0.00
32.295 11.23 8.5ms 0.00
32.310 20.59 9.6ms 0.00
32.325 20.59 8.6ms 0.00
32.340 9.36 10.4ms 0.00
32.355 11.23 12.6ms 0.00
32.370 20.59 9.5ms 0.00
32.385 12.48 7.6ms 0.00
32.400 6.24 9.0ms 0.00
32.415 20.59 9.1ms 0.00
32.430 20.59 9.0ms 0.00
32.445 20.59 9.5ms 0.00
32.460 9.36 7.1ms 0.00
32.475 11.23 9.1ms 0.00
32.490 15.60 11.5ms 0.00
32.505 4.99 17.4ms 0.00
32.520 20.59 13.9ms 0.00
32.535 20.59 14.5ms 0.00
32.550 6.24 5.6ms 0.00
32.565 14.35 10.8ms 0.00
32.580 9.36 6.8ms 0.00
32.595 9.36 9.1ms 0.00
32.610 20.59 9.2ms 0.00
32.625 3.12 5.0ms 0.00
32.640 17.47 10.5ms 0.00
32.655 9.36 6.8ms 0.00
32.670 9.36 8.8ms 0.00
32.685 15.60 7.5ms 0.00
32.700 4.99 9.1ms 0.00
32.715 20.59 9.9ms 0.00
32.730 20.59 14.1ms 0.00
32.745 20.59 14.6ms 0.00
32.760 20.59 8.9ms 0.00
32.775 20.59 15.5ms 0.00
32.790 20.59 8.5ms 0.00
32.805 20.59 8.4ms 0.00
32.820 6.24 7.4ms 0.00
32.835 3.12 9.0ms 0.00
32.850 11.23 9.1ms 0.00
32.865 20.59 10.0ms 0.00
32.880 15.60 12.5ms 0.00
32.895 4.99 15.0ms 0.00
32.910 20.59 14.2ms 0.00
32.925 18.72 8.8ms 0.00
32.940 20.59 10.1ms 0.00
32.955 6.24 5.1ms 0.00
32.970 14.35 10.0ms 0.00
32.985 6.24 7.0ms 0.00
33.000 12.48 14.2ms 0.00
33.015 20.59 9.6ms 0.00
33.030 12.48 7.8ms 0.00
33.045 8.11 10.9ms 0.00
33.060 12.48 6.2ms 0.00
33.075 8.11 8.5ms 0.00
33.090 20.59 9.0ms 0.00
33.105 18.72 8.4ms 0.00
33.120 9.36 5.9ms 0.00
33.135 11.23 8.9ms 0.00
33.150 18.72 8.9ms 0.00
33.165 20.59 10.5ms 0.00
33.180 20.59 10.1ms 0.00
33.195 18.72 13.6ms 0.00
33.210 20.59 8.8ms 0.00
33.225 20.59 9.1ms 0.00
33.240 12.48 10.0ms 0.00
33.255 8.11 14.0ms 0.00
33.270 20.59 11.0ms 0.00
33.285 6.24 5.0ms 0.00
33.300 3.12 8.0ms 0.00
33.315 11.23 10.1ms 0.00
33.330 18.72 9.1ms 0.00
33.345 20.59 10.0ms 0.00
33.360 18.72 8.2ms 0.00
33.375 6.24 4.6ms 0.00
33.390 12.48 8.5ms 0.00
33.405 9.36 31.6ms 0.00
33.420 11.23 34.8ms 0.00
33.435 20.59 20.0ms 0.00
33.450 9.36 19.0ms 0.00
33.465 2.50 7.5ms 0.00
33.480 2.50 4.0ms 0.00
33.495 2.50 4.4ms 0.00
33.510 2.50 5.6ms 0.00
33.525 2.50 3.4ms 0.00
33.540 2.50 4.1ms 0.00
33.555 2.50 6.1ms 0.00
33.570 2.50 5.1ms 0.00
33.585 2.50 4.8ms 0.00
33.600 2.50 4.1ms 0.00
33.615 4.37 5.1ms 0.00
33.630 4.37 5.0ms 0.00
33.645 4.37 6.1ms 0.00
33.660 4.37 5.1ms 0.00
33.675 4.37 6.0ms 0.00
33.690 4.37 7.0ms 0.00
33.705 4.37 4.8ms 0.00
33.720 4.37 5.0ms 0.00
33.735 4.37 5.9ms 0.00
33.750 4.37 4.0ms 0.00
33.765 4.37 5.0ms 0.00
33.780 4.37 6.5ms 0.00
33.795 4.37 4.0ms 0.00
33.810 4.37 6.2ms 0.00
33.825 4.37 5.0ms 0.00
33.840 3.12 4.9ms 0.00
33.855 3.12 7.1ms 0.00
33.870 6.24 5.1ms 0.00
33.885 6.24 6.4ms 0.00
33.900 6.24 5.1ms 0.00
33.915 6.24 7.5ms 0.00
33.930 3.12 4.9ms 0.00
33.945 3.12 6.0ms 0.00
33.960 6.24 5.6ms 0.00
33.975 6.24 7.8ms 0.00
33.990 6.24 6.2ms 0.00
34.005 8.11 7.2ms 0.00
34.020 8.11 6.2ms 0.00
34.035 8.11 6.8ms 0.00
34.050 8.11 5.4ms 0.00
34.065 8.11 7.1ms 0.00
34.080 8.11 9.4ms 0.00
34.095 8.11 6.5ms 0.00
34.110 3.12 4.8ms 0.00
34.125 4.99 8.2ms 0.00
34.140 8.11 9.0ms 0.00
34.155 3.12 5.8ms 0.00
34.170 3.12 9.2ms 0.00
34.185 6.24 15.2ms 0.00
34.200 12.48 9.1ms 0.00
34.215 9.36 8.1ms 0.00
34.230 3.12 11.1ms 0.00
34.245 12.48 10.9ms 0.00
34.260 12.48 6.9ms 0.00
34.275 12.48 7.6ms 0.00
34.290 12.48 8.2ms 0.00
34.305 12.48 10.6ms 0.00
34.320 12.48 8.2ms 0.00
34.335 3.12 4.6ms 0.00
34.350 9.36 7.8ms 0.00
34.365 3.12 4.4ms 0.00
34.380 9.36 11.4ms 0.00
34.395 12.48 8.8ms 0.00
34.410 12.48 6.0ms 0.00
34.425 12.48 6.6ms 0.00
34.440 12.48 8.8ms 0.00
34.455 9.36 5.9ms 0.00
34.470 3.12 7.1ms 0.00
34.485 12.48 6.9ms 0.00
34.500 12.48 7.2ms 0.00
34.515 12.48 7.0ms 0.00
34.530 12.48 6.6ms 0.00
34.545 12.48 9.1ms 0.00
34.560 12.48 7.1ms 0.00
34.575 6.24 7.1ms 0.00
34.590 6.24 9.0ms 0.00
34.605 12.48 8.6ms 0.00
34.620 3.12 4.1ms 0.00
34.635 9.36 7.0ms 0.00
34.650 12.48 9.8ms 0.00
34.665 12.48 7.8ms 0.00
34.680 12.48 8.4ms 0.00
34.695 12.48 10.4ms 0.00
34.710 3.12 5.0ms 0.00
34.725 9.36 7.1ms 0.00
34.740 12.48 8.8ms 0.00
34.755 12.48 7.4ms 0.00
34.770 12.48 8.2ms 0.00
34.785 6.24 4.4ms 0.00
34.800 6.24 7.8ms 0.00
34.815 12.48 11.8ms 0.00
34.830 12.48 8.6ms 0.00
34.845 16.22 7.8ms 0.00
34.860 16.22 8.9ms 0.00
34.875 16.22 11.5ms 0.00
34.890 16.22 11.4ms 0.00
34.905 16.22 8.1ms 0.00
34.920 12.48 7.1ms 0.00
34.935 3.74 8.5ms 0.00
34.950 16.22 7.6ms 0.00
34.965 16.22 9.1ms 0.00
34.980 9.36 7.2ms 0.00
34.995 6.86 10.5ms 0.00
35.010 9.36 9.8ms 0.00
35.025 6.86 13.1ms 0.00
35.040 15.60 12.9ms 0.00
35.055 16.22 11.2ms 0.00
35.070 16.22 7.0ms 0.00
35.085 16.22 8.1ms 0.00
35.100 16.22 9.1ms 0.00
35.115 16.22 11.9ms 0.00
35.130 9.36 8.1ms 0.00
35.145 6.86 9.8ms 0.00
35.160 3.12 4.1ms 0.00
35.175 13.10 7.8ms 0.00
35.190 15.60 7.0ms 0.00
35.205 16.22 9.6ms 0.00
35.220 12.48 7.2ms 0.00
35.235 3.74 8.9ms 0.00
35.250 15.60 11.0ms 0.00
35.265 6.24 5.5ms 0.00
35.280 9.98 8.5ms 0.00
35.295 3.12 4.2ms 0.00
35.310 13.10 8.1ms 0.00
35.325 16.22 7.9ms 0.00
35.340 6.24 5.2ms 0.00
35.355 6.24 7.2ms 0.00
35.370 3.74 8.1ms 0.00
35.385 16.22 9.1ms 0.00
35.400 16.22 10.8ms 0.00
35.415 16.22 7.9ms 0.00
35.430 16.22 8.1ms 0.00
35.445 16.22 7.8ms 0.00
35.460 9.36 10.4ms 0.00
35.475 3.12 13.0ms 0.00
35.490 3.74 13.2ms 0.00
35.505 16.22 8.9ms 0.00
35.520 12.48 6.1ms 0.00
35.535 3.12 7.0ms 0.00
35.550 6.24 5.8ms 0.00
35.565 9.98 9.5ms 0.00
35.580 9.36 8.4ms 0.00
35.595 6.86 9.9ms 0.00
35.610 15.60 9.0ms 0.00
35.625 4.99 10.4ms 0.00
35.640 15.60 11.2ms 0.00
35.655 4.99 13.0ms 0.00
35.670 20.59 18.5ms 0.00
35.685 9.36 14.4ms 0.00
35.700 11.23 21.4ms 0.00
35.715 20.59 24.1ms 0.00
35.730 18.72 19.5ms 0.00
35.745 3.12 14.0ms 0.00
35.760 12.48 23.2ms 0.00
35.775 4.99 27.6ms 0.00
35.790 18.72 20.5ms 0.00
35.805 15.60 15.0ms 0.00
35.820 3.12 18.6ms 0.00
35.835 20.59 12.0ms 0.00
35.850 3.12 4.6ms 0.00
35.865 17.47 10.5ms 0.00
35.880 6.24 6.1ms 0.00
35.895 14.35 12.1ms 0.00
35.910 3.12 4.0ms 0.00
35.925 17.47 8.0ms 0.00
35.940 15.60 8.0ms 0.00
35.955 4.99 8.2ms 0.00
35.970 12.48 7.2ms 0.00
35.985 8.11 9.8ms 0.00
36.000 15.60 7.4ms 0.00
36.015 4.99 9.2ms 0.00
36.030 9.36 6.4ms 0.00
36.045 11.23 9.5ms 0.00
36.060 15.60 7.0ms 0.00
36.075 4.99 8.5ms 0.00
36.090 15.60 7.9ms 0.00
36.105 4.99 9.2ms 0.00
36.120 20.59 12.0ms 0.00
36.135 20.59 8.2ms 0.00
36.150 20.59 8.2ms 0.00
36.165 20.59 8.8ms 0.00
36.180 3.12 4.4ms 0.00
36.195 17.47 8.2ms 0.00
36.210 9.36 5.8ms 0.00
36.225 11.23 8.1ms 0.00
36.240 20.59 8.6ms 0.00
36.255 6.24 5.1ms 0.00
36.270 3.12 6.2ms 0.00
36.285 3.12 7.0ms 0.00
36.300 8.11 8.1ms 0.00
36.315 18.72 14.2ms 0.00
36.330 15.60 11.5ms 0.00
36.345 4.99 12.0ms 0.00
36.360 20.59 8.2ms 0.00
36.375 20.59 8.1ms 0.00
36.390 15.60 6.9ms 0.00
36.405 3.12 8.0ms 0.00
36.420 9.36 6.6ms 0.00
36.435 3.12 7.2ms 0.00
36.450 8.11 9.2ms 0.00
36.465 20.59 9.8ms 0.00
36.480 20.59 20.0ms 0.00
36.495 12.48 8.6ms 0.00
36.510 8.11 12.1ms 0.00
36.525 18.72 7.8ms 0.00
36.540 20.59 10.0ms 0.00
36.555 20.59 9.6ms 0.00
36.570 6.24 6.2ms 0.00
36.585 14.35 9.0ms 0.00
36.600 12.48 8.1ms 0.00
36.615 8.11 11.0ms 0.00
36.630 18.72 8.6ms 0.00
36.645 3.12 3.8ms 0.00
36.660 9.36 6.6ms 0.00
36.675 3.12 7.0ms 0.00
36.690 4.99 8.2ms 0.00
36.705 15.60 8.0ms 0.00
36.720 4.99 9.0ms 0.00
36.735 15.60 7.2ms 0.00
36.750 4.99 8.6ms 0.00
36.765 24.34 9.9ms 0.00
36.780 24.34 13.1ms 0.00
36.795 6.24 5.5ms 0.00
36.810 3.12 6.1ms 0.00
36.825 14.98 8.9ms 0.00
36.840 15.60 6.5ms 0.00
36.855 8.74 9.1ms 0.00
36.870 15.60 7.6ms 0.00
36.885 8.74 10.2ms 0.00
36.900 6.24 4.9ms 0.00
36.915 18.10 10.6ms 0.00
36.930 18.72 7.8ms 0.00
36.945 5.62 9.2ms 0.00
36.960 21.84 9.0ms 0.00
36.975 2.50 10.1ms 0.00
36.990 24.34 11.4ms 0.00
37.005 12.48 9.4ms 0.00
37.020 6.24 12.0ms 0.00
37.035 5.62 13.5ms 0.00
37.050 24.34 10.1ms 0.00
37.065 9.36 7.5ms 0.00
37.080 14.98 15.0ms 0.00
37.095 15.60 10.0ms 0.00
37.110 8.74 11.1ms 0.00
37.125 6.24 5.2ms 0.00
37.140 9.36 8.8ms 0.00
37.155 8.74 11.0ms 0.00
37.170 24.34 10.9ms 0.00
37.185 18.72 8.9ms 0.00
37.200 5.62 10.4ms 0.00
37.215 3.12 4.4ms 0.00
37.230 3.12 5.0ms 0.00
37.245 18.10 10.0ms 0.00
37.260 9.36 5.2ms 0.00
37.275 6.24 8.9ms 0.00
37.290 8.74 11.1ms 0.00
37.305 12.48 8.2ms 0.00
37.320 11.86 12.2ms 0.00
37.335 6.24 6.2ms 0.00
37.350 9.36 8.1ms 0.00
37.365 8.74 11.0ms 0.00
37.380 15.60 11.0ms 0.00
37.395 8.74 13.4ms 0.00
37.410 12.48 7.5ms 0.00
37.425 3.12 9.0ms 0.00
37.440 8.74 9.9ms 0.00
37.455 6.24 5.2ms 0.00
37.470 18.10 9.4ms 0.00
37.485 24.34 11.8ms 0.00
37.500 24.34 9.2ms 0.00
37.515 9.36 6.1ms 0.00
37.530 3.12 7.0ms 0.00
37.545 6.24 8.2ms 0.00
37.560 5.62 9.4ms 0.00
37.575 21.84 9.1ms 0.00
37.590 2.50 11.6ms 0.00
37.605 15.60 7.0ms 0.00
37.620 6.24 8.4ms 0.00
37.635 2.50 9.0ms 0.00
37.650 12.48 7.2ms 0.00
37.665 11.86 11.2ms 0.00
37.680 3.12 3.5ms 0.00
37.695 21.22 8.4ms 0.00
37.710 21.84 9.0ms 0.00
37.725 2.50 9.4ms 0.00
37.740 6.24 7.6ms 0.00
37.755 3.12 9.4ms 0.00
37.770 14.98 11.5ms 0.00
37.785 18.72 8.9ms 0.00
37.800 5.62 9.9ms 0.00
37.815 3.12 5.4ms 0.00
37.830 9.36 8.4ms 0.00
37.845 3.12 9.0ms 0.00
37.860 8.74 11.5ms 0.00
37.875 3.12 6.0ms 0.00
37.890 12.48 9.4ms 0.00
37.905 3.12 10.1ms 0.00
37.920 5.62 11.5ms 0.00
37.935 18.72 8.0ms 0.00
37.950 5.62 9.4ms 0.00
37.965 15.60 8.6ms 0.00
37.980 8.74 9.0ms 0.00
37.995 24.34 9.9ms 0.00
38.010 3.12 4.4ms 0.00
38.025 15.60 8.1ms 0.00
38.040 5.62 9.2ms 0.00
38.055 15.60 8.0ms 0.00
38.070 3.12 8.2ms 0.00
38.085 3.12 9.0ms 0.00
38.100 2.50 10.9ms 0.00
38.115 3.12 4.1ms 0.00
38.130 3.12 6.1ms 0.00
38.145 12.48 10.5ms 0.00
38.160 5.62 14.0ms 0.00
38.175 6.24 5.1ms 0.00
38.190 18.10 9.9ms 0.00
38.205 18.72 7.4ms 0.00
38.220 5.62 8.8ms 0.00
38.235 12.48 7.0ms 0.00
38.250 11.86 9.8ms 0.00
38.265 9.36 5.9ms 0.00
38.280 14.98 9.6ms 0.00
38.295 24.34 9.8ms 0.00
38.310 18.72 7.5ms 0.00
38.325 3.12 8.5ms 0.00
38.340 2.50 9.5ms 0.00
38.355 15.60 6.4ms 0.00
38.370 8.74 8.5ms 0.00
38.385 24.34 10.5ms 0.00
38.400 21.84 10.0ms 0.00
38.415 2.50 10.5ms 0.00
38.430 21.84 9.6ms 0.00
38.445 2.50 10.5ms 0.00
38.460 18.72 11.0ms 0.00
38.475 5.62 12.1ms 0.00
38.490 24.34 11.0ms 0.00
38.505 24.34 10.8ms 0.00
38.520 12.48 7.5ms 0.00
38.535 9.36 10.5ms 0.00
38.550 2.50 12.1ms 0.00
38.565 24.34 13.0ms 0.00
38.580 3.12 3.5ms 0.00
38.595 21.22 11.1ms 0.00
38.610 15.60 7.2ms 0.00
38.625 6.24 9.4ms 0.00
38.640 2.50 10.4ms 0.00
38.655 9.36 9.5ms 0.00
38.670 14.98 13.0ms 0.00
38.685 12.48 7.5ms 0.00
38.700 11.86 15.8ms 0.00
38.715 9.36 6.1ms 0.00
38.730 6.24 8.6ms 0.00
38.745 8.74 11.1ms 0.00
38.760 21.84 9.9ms 0.00
38.775 2.50 10.5ms 0.00
38.790 9.36 5.8ms 0.00
38.805 12.48 11.8ms 0.00
38.820 2.50 15.1ms 0.00
38.835 6.24 10.4ms 0.00
38.850 18.10 15.6ms 0.00
38.865 12.48 6.0ms 0.00
38.880 11.86 11.0ms 0.00
38.895 9.36 5.9ms 0.00
38.910 14.98 9.0ms 0.00
38.925 12.48 5.9ms 0.00
38.940 3.12 8.0ms 0.00
38.955 8.74 10.1ms 0.00
38.970 12.48 7.4ms 0.00
38.985 3.12 8.0ms 0.00
39.000 8.74 9.8ms 0.00
39.015 9.36 5.9ms 0.00
39.030 14.98 9.4ms 0.00
39.045 3.12 3.1ms 0.00
39.060 21.22 10.2ms 0.00
39.075 24.34 9.9ms 0.00
39.090 24.34 10.1ms 0.00
39.105 6.24 4.1ms 0.00
39.120 18.10 9.9ms 0.00
39.135 15.60 13.4ms 0.00
39.150 8.74 14.0ms 0.00
39.165 24.34 9.4ms 0.00
39.180 21.84 9.2ms 0.00
39.195 2.50 10.6ms 0.00
39.210 18.72 9.6ms 0.00
39.225 5.62 11.1ms 0.00
39.240 15.60 7.2ms 0.00
39.255 8.74 10.5ms 0.00
39.270 24.34 9.1ms 0.00
39.285 24.34 11.9ms 0.00
39.300 6.24 5.9ms 0.00
39.315 18.10 10.9ms 0.00
39.330 3.12 4.0ms 0.00
39.345 21.22 14.1ms 0.00
39.360 21.84 10.2ms 0.00
39.375 2.50 11.4ms 0.00
39.390 24.34 10.8ms 0.00
39.405 24.34 9.4ms 0.00
39.420 18.72 8.5ms 0.00
39.435 5.62 10.1ms 0.00
39.450 12.48 6.5ms 0.00
39.465 11.86 10.5ms 0.00
39.480 9.36 8.2ms 0.00
39.495 9.36 12.6ms 0.00
39.510 5.62 15.4ms 0.00
39.525 9.36 7.6ms 0.00
39.540 12.48 10.8ms 0.00
39.555 2.50 11.1ms 0.00
39.570 12.48 8.0ms 0.00
39.585 11.86 11.2ms 0.00
39.600 18.72 10.4ms 0.00
39.615 5.62 12.0ms 0.00
39.630 24.34 11.5ms 0.00
39.645 24.34 9.2ms 0.00
39.660 9.36 6.8ms 0.00
39.675 14.98 12.1ms 0.00
39.690 15.60 7.9ms 0.00
39.705 8.74 9.6ms 0.00
39.720 3.12 4.4ms 0.00
39.735 12.48 8.8ms 0.00
39.750 8.74 9.5ms 0.00
39.765 15.60 7.9ms 0.00
39.780 8.74 10.6ms 0.00
39.795 15.60 8.4ms 0.00
39.810 8.74 10.8ms 0.00
39.825 3.12 5.6ms 0.00
39.840 21.22 10.5ms 0.00
39.855 6.24 6.2ms 0.00
39.870 6.24 7.8ms 0.00
39.885 11.86 11.6ms 0.00
39.900 6.24 6.0ms 0.00
39.915 3.12 8.4ms 0.00
39.930 14.98 15.0ms 0.00
39.945 6.24 5.6ms 0.00
39.960 18.10 12.6ms 0.00
39.975 21.84 9.5ms 0.00
39.990 2.50 11.1ms 0.00
40.005 24.34 15.6ms 0.00
40.020 15.60 8.0ms 0.00
40.035 8.74 10.1ms 0.00
40.050 6.24 5.6ms 0.00
40.065 12.48 8.9ms 0.00
40.080 3.12 9.0ms 0.00
40.095 2.50 9.1ms 0.00
40.110 24.34 10.8ms 0.00
40.125 12.48 7.5ms 0.00
40.140 11.86 11.6ms 0.00
40.155 12.48 7.1ms 0.00
40.170 11.86 10.5ms 0.00
40.185 21.84 8.6ms 0.00
40.200 2.50 9.2ms 0.00
40.215 21.84 9.6ms 0.00
40.230 2.50 11.1ms 0.00
40.245 3.12 3.6ms 0.00
40.260 3.12 6.0ms 0.00
40.275 9.36 7.5ms 0.00
40.290 8.74 11.0ms 0.00
40.305 15.60 8.4ms 0.00
40.320 8.74 11.1ms 0.00
40.335 15.60 9.2ms 0.00
40.350 8.74 10.0ms 0.00
40.365 21.84 18.0ms 0.00
40.380 2.50 18.0ms 0.00
40.395 15.60 8.1ms 0.00
40.410 8.74 14.2ms 0.00
40.425 12.48 7.2ms 0.00
40.440 6.24 9.4ms 0.00
40.455 5.62 11.1ms 0.00
40.470 12.48 7.0ms 0.00
40.485 9.36 13.0ms 0.00
40.500 2.50 16.0ms 0.00
40.515 21.84 8.2ms 0.00
40.530 2.50 9.1ms 0.00
40.545 24.34 12.4ms 0.00
40.560 12.48 6.6ms 0.00
40.575 11.86 9.2ms 0.00
40.590 6.24 4.2ms 0.00
40.605 18.10 9.1ms 0.00
40.620 9.36 6.0ms 0.00
40.635 14.98 10.0ms 0.00
40.650 12.48 6.1ms 0.00
40.665 11.86 8.9ms 0.00
40.680 24.34 11.4ms 0.00
40.695 18.72 8.0ms 0.00
40.710 3.12 9.0ms 0.00
40.725 2.50 9.4ms 0.00
40.740 12.48 7.9ms 0.00
40.755 11.86 9.1ms 0.00
40.770 24.34 10.0ms 0.00
40.785 3.12 3.5ms 0.00
40.800 18.72 9.1ms 0.00
40.815 2.50 10.0ms 0.00
40.830 21.84 9.1ms 0.00
40.845 2.50 11.0ms 0.00
40.860 24.34 11.1ms 0.00
40.875 6.24 5.0ms 0.00
40.890 18.10 10.1ms 0.00
40.905 18.72 9.0ms 0.00
40.920 5.62 10.1ms 0.00
40.935 12.48 7.2ms 0.00
40.950 3.12 8.0ms 0.00
40.965 8.74 9.5ms 0.00
40.980 12.48 6.6ms 0.00
40.995 11.86 10.1ms 0.00
41.010 6.24 6.0ms 0.00
41.025 12.48 8.0ms 0.00
41.040 5.62 10.2ms 0.00
41.055 3.12 3.8ms 0.00
41.070 21.22 8.6ms 0.00
41.085 24.34 10.2ms 0.00
41.100 24.34 9.2ms 0.00
41.115 3.12 4.6ms 0.00
41.130 12.48 8.4ms 0.00
41.145 8.74 10.6ms 0.00
41.160 3.12 5.0ms 0.00
41.175 21.22 10.0ms 0.00
41.190 24.34 9.4ms 0.00
41.205 3.12 6.0ms 0.00
41.220 18.72 10.4ms 0.00
41.235 2.50 11.5ms 0.00
41.250 12.48 9.9ms 0.00
41.265 11.86 12.0ms 0.00
41.280 18.72 13.6ms 0.00
41.295 5.62 17.5ms 0.00
41.310 12.48 9.5ms 0.00
41.325 6.24 12.6ms 0.00
41.340 5.62 13.8ms 0.00
41.355 24.34 10.2ms 0.00
41.370 24.34 11.0ms 0.00
41.385 15.60 7.0ms 0.00
41.400 8.74 9.0ms 0.00
41.415 24.34 9.0ms 0.00
41.430 21.84 9.5ms 0.00
41.445 2.50 11.4ms 0.00
41.460 9.36 8.2ms 0.00
41.475 14.98 10.1ms 0.00
41.490 24.34 10.6ms 0.00
41.505 24.34 9.6ms 0.00
41.520 3.12 5.6ms 0.00
41.535 21.22 13.0ms 0.00
41.550 24.34 10.4ms 0.00
41.565 9.36 6.1ms 0.00
41.580 14.98 9.6ms 0.00
41.595 9.36 4.2ms 0.00
41.610 14.98 9.0ms 0.00
41.625 21.84 9.0ms 0.00
41.640 2.50 9.1ms 0.00
41.655 3.12 3.5ms 0.00
41.670 21.22 9.0ms 0.00
41.685 15.60 8.0ms 0.00
41.700 8.74 9.8ms 0.00
41.715 3.12 4.2ms 0.00
41.730 9.36 7.1ms 0.00
41.745 11.86 10.4ms 0.00
41.760 12.48 9.5ms 0.00
41.775 9.36 14.8ms 0.00
41.790 2.50 15.4ms 0.00
41.805 24.34 10.5ms 0.00
41.820 6.24 6.0ms 0.00
41.835 18.10 11.0ms 0.00
41.850 9.36 6.2ms 0.00
41.865 14.98 12.8ms 0.00
41.880 24.34 10.6ms 0.00
41.895 24.34 11.8ms 0.00
41.910 24.34 15.9ms 0.00
41.925 6.24 14.0ms 0.00
41.940 18.10 18.0ms 0.00
41.955 6.24 5.0ms 0.00
41.970 6.24 7.4ms 0.00
41.985 11.86 11.0ms 0.00
42.000 3.12 4.4ms 0.00
42.015 21.22 12.2ms 0.00
42.030 24.34 10.9ms 0.00
42.045 9.36 7.6ms 0.00
42.060 14.98 13.0ms 0.00
42.075 18.72 19.2ms 0.00
42.090 5.62 23.6ms 0.00
42.105 9.36 11.5ms 0.00
42.120 14.98 26.5ms 0.00
42.135 24.34 28.6ms 0.00
42.150 18.72 20.9ms 0.00
42.165 5.62 25.8ms 0.00
42.180 24.34 21.8ms 0.00
42.195 12.48 11.9ms 0.00
42.210 6.24 14.2ms 0.00
42.225 5.62 15.9ms 0.00
42.240 24.34 16.4ms 0.00
42.255 24.34 11.9ms 0.00
42.270 21.84 15.1ms 0.00
42.285 2.50 17.1ms 0.00
42.300 6.24 5.4ms 0.00
42.315 6.24 7.8ms 0.00
42.330 11.86 10.2ms 0.00
42.345 3.12 5.8ms 0.00
42.360 6.24 8.0ms 0.00
42.375 14.98 14.9ms 0.00
42.390 24.34 11.1ms 0.00
42.405 6.24 8.0ms 0.00
42.420 18.10 9.2ms 0.00
42.435 24.34 11.9ms 0.00
42.450 3.12 6.0ms 0.00
42.465 15.60 10.9ms 0.00
42.480 5.62 11.5ms 0.00
42.495 18.72 11.4ms 0.00
42.510 5.62 13.2ms 0.00
42.525 18.72 8.4ms 0.00
42.540 5.62 10.2ms 0.00
42.555 12.48 8.0ms 0.00
42.570 11.86 11.9ms 0.00
42.585 24.34 16.9ms 0.00
42.600 15.60 11.2ms 0.00
42.615 8.74 13.6ms 0.00
42.630 21.84 9.1ms 0.00
42.645 2.50 10.2ms 0.00
42.660 12.48 5.6ms 0.00
42.675 6.24 7.6ms 0.00
42.690 3.12 8.0ms 0.00
42.705 2.50 9.1ms 0.00
42.720 21.84 10.0ms 0.00
42.735 2.50 10.0ms 0.00
42.750 24.34 9.0ms 0.00
42.765 21.84 10.6ms 0.00
42.780 2.50 12.6ms 0.00
42.795 3.12 4.9ms 0.00
42.810 9.36 9.0ms 0.00
42.825 11.86 10.0ms 0.00
42.840 21.84 8.5ms 0.00
42.855 2.50 9.4ms 0.00
42.870 21.84 8.6ms 0.00
42.885 2.50 9.1ms 0.00
42.900 6.24 5.1ms 0.00
42.915 18.10 10.5ms 0.00
42.930 18.72 9.0ms 0.00
42.945 5.62 11.2ms 0.00
42.960 15.60 8.0ms 0.00
42.975 3.12 9.2ms 0.00
42.990 5.62 11.1ms 0.00
43.005 12.48 7.5ms 0.00
43.020 6.24 9.6ms 0.00
43.035 5.62 11.2ms 0.00
43.050 15.60 10.4ms 0.00
43.065 8.74 11.8ms 0.00
43.080 6.24 4.0ms 0.00
43.095 18.10 9.6ms 0.00
43.110 24.34 10.2ms 0.00
43.125 21.84 9.4ms 0.00
43.140 2.50 10.6ms 0.00
43.155 18.72 8.4ms 0.00
43.170 5.62 10.0ms 0.00
43.185 24.34 9.5ms 0.00
43.200 15.60 7.9ms 0.00
43.215 6.24 9.8ms 0.00
43.230 2.50 11.0ms 0.00
43.245 18.72 7.2ms 0.00
43.260 5.62 8.8ms 0.00
43.275 21.84 9.5ms 0.00
43.290 2.50 10.4ms 0.00
43.305 15.60 9.6ms 0.00
43.320 6.24 12.0ms 0.00
43.335 2.50 12.0ms 0.00
43.350 18.72 10.4ms 0.00
43.365 5.62 12.1ms 0.00
43.380 3.12 3.5ms 0.00
43.395 18.72 10.4ms 0.00
43.410 2.50 11.2ms 0.00
43.425 15.60 7.2ms 0.00
43.440 8.74 9.9ms 0.00
43.455 3.12 3.4ms 0.00
43.470 21.22 13.1ms 0.00
43.485 12.48 7.4ms 0.00
43.500 11.86 10.8ms 0.00
43.515 15.60 7.5ms 0.00
43.530 8.74 10.1ms 0.00
43.545 9.36 5.5ms 0.00
43.560 12.48 8.6ms 0.00
43.575 2.50 9.4ms 0.00
43.590 12.48 7.1ms 0.00
43.605 11.86 9.9ms 0.00
43.620 24.34 10.6ms 0.00
43.635 12.48 6.1ms 0.00
43.650 11.86 10.2ms 0.00
43.665 3.12 4.2ms 0.00
43.680 21.22 9.2ms 0.00
43.695 24.34 10.9ms 0.00
43.710 15.60 7.1ms 0.00
43.725 8.74 10.0ms 0.00
43.740 9.36 6.5ms 0.00
43.755 14.98 9.6ms 0.00
43.770 24.34 10.2ms 0.00
43.785 15.60 8.0ms 0.00
43.800 6.24 10.1ms 0.00
43.815 2.50 11.4ms 0.00
43.830 24.34 10.4ms 0.00
43.845 6.24 5.6ms 0.00
43.860 12.48 9.6ms 0.00
43.875 5.62 11.8ms 0.00
43.890 24.34 9.6ms 0.00
43.905 12.48 9.4ms 0.00
43.920 9.36 11.6ms 0.00
43.935 2.50 12.2ms 0.00
43.950 3.12 3.6ms 0.00
43.965 15.60 8.2ms 0.00
43.980 5.62 9.9ms 0.00
43.995 15.60 7.2ms 0.00
44.010 8.74 9.1ms 0.00
44.025 6.24 5.0ms 0.00
44.040 6.24 7.2ms 0.00
44.055 11.86 10.2ms 0.00
44.070 18.72 8.2ms 0.00
44.085 5.62 9.4ms 0.00
44.100 9.36 6.0ms 0.00
44.115 14.98 10.0ms 0.00
44.130 6.24 5.1ms 0.00
44.145 3.12 6.1ms 0.00
44.160 14.98 9.0ms 0.00
44.175 15.60 7.2ms 0.00
44.190 8.74 9.0ms 0.00
44.205 24.34 10.9ms 0.00
44.220 12.48 8.4ms 0.00
44.235 3.12 9.2ms 0.00
44.250 8.74 11.6ms 0.00
44.265 18.72 7.6ms 0.00
44.280 5.62 9.2ms 0.00
44.295 9.36 6.8ms 0.00
44.310 14.98 11.0ms 0.00
44.325 12.48 7.9ms 0.00
44.340 3.12 9.0ms 0.00
44.355 8.74 11.0ms 0.00
44.370 18.72 7.6ms 0.00
44.385 5.62 9.6ms 0.00
44.400 6.24 4.6ms 0.00
44.415 12.48 9.4ms 0.00
44.430 5.62 11.5ms 0.00
44.445 3.12 6.9ms 0.00
44.460 21.22 13.0ms 0.00
44.475 12.48 7.9ms 0.00
44.490 11.86 11.5ms 0.00
44.505 9.36 7.4ms 0.00
44.520 9.36 10.9ms 0.00
44.535 5.62 11.9ms 0.00
44.550 24.34 9.8ms 0.00
44.565 24.34 9.9ms 0.00
44.580 24.34 14.9ms 0.00
44.595 3.12 5.1ms 0.00
44.610 21.22 8.6ms 0.00
44.625 21.84 10.2ms 0.00
44.640 2.50 11.0ms 0.00
44.655 3.12 5.0ms 0.00
44.670 12.48 7.5ms 0.00
44.685 8.74 9.8ms 0.00
44.700 24.34 10.0ms 0.00
44.715 3.12 3.5ms 0.00
44.730 6.24 5.5ms 0.00
44.745 14.98 8.6ms 0.00
44.760 3.12 3.5ms 0.00
44.775 21.22 9.1ms 0.00
44.790 24.34 10.6ms 0.00
44.805 9.36 6.4ms 0.00
44.820 3.12 7.5ms 0.00
44.835 6.24 9.6ms 0.00
44.850 5.62 14.0ms 0.00
44.865 6.24 5.1ms 0.00
44.880 6.24 7.5ms 0.00
44.895 11.86 11.2ms 0.00
44.910 21.84 10.5ms 0.00
44.925 2.50 12.1ms 0.00
44.940 18.72 10.0ms 0.00
44.955 5.62 12.9ms 0.00
44.970 15.60 8.9ms 0.00
44.985 8.74 11.6ms 0.00
45.000 6.24 4.5ms 0.00
45.015 15.60 9.4ms 0.00
45.030 2.50 10.9ms 0.00
45.045 21.84 8.9ms 0.00
45.060 2.50 9.8ms 0.00
45.075 9.36 8.0ms 0.00
45.090 14.98 10.0ms 0.00
45.105 9.36 5.9ms 0.00
45.120 14.98 10.4ms 0.00
45.135 15.60 8.4ms 0.00
45.150 8.74 10.1ms 0.00
45.165 24.34 13.0ms 0.00
45.180 24.34 10.2ms 0.00
45.195 3.12 5.0ms 0.00
45.210 6.24 6.4ms 0.00
45.225 14.98 10.0ms 0.00
45.240 18.72 8.8ms 0.00
45.255 5.62 10.1ms 0.00
45.270 12.48 9.5ms 0.00
45.285 11.86 10.1ms 0.00
45.300 15.60 9.1ms 0.00
45.315 8.74 11.5ms 0.00
45.330 15.60 9.1ms 0.00
45.345 8.74 11.6ms 0.00
45.360 24.34 11.2ms 0.00
45.375 6.24 5.1ms 0.00
45.390 18.10 9.9ms 0.00
45.405 6.24 4.5ms 0.00
45.420 3.12 6.2ms 0.00
45.435 9.36 8.8ms 0.00
45.450 5.62 10.4ms 0.00
45.465 24.34 10.9ms 0.00
45.480 21.84 8.5ms 0.00
45.495 2.50 9.5ms 0.00
45.510 24.34 8.4ms 0.00
45.525 12.48 6.8ms 0.00
45.540 3.12 8.1ms 0.00
45.555 8.74 13.2ms 0.00
45.570 21.84 10.2ms 0.00
45.585 2.50 11.2ms 0.00
45.600 15.60 7.8ms 0.00
45.615 3.12 8.4ms 0.00
45.630 5.62 10.0ms 0.00
45.645 9.36 17.5ms 0.00
45.660 3.12 18.0ms 0.00
45.675 11.86 20.9ms 0.00
45.690 24.34 11.5ms 0.00
45.705 21.84 8.4ms 0.00
45.720 2.50 10.0ms 0.00
45.735 24.34 9.5ms 0.00
45.750 18.72 6.9ms 0.00
45.765 5.62 8.9ms 0.00
45.780 9.36 8.4ms 0.00
45.795 9.36 11.2ms 0.00
45.810 5.62 12.6ms 0.00
45.825 6.24 4.1ms 0.00
45.840 18.10 9.4ms 0.00
45.855 15.60 7.1ms 0.00
45.870 8.74 9.0ms 0.00
45.885 18.72 9.4ms 0.00
45.900 5.62 12.0ms 0.00
45.915 12.48 7.0ms 0.00
45.930 11.86 10.0ms 0.00
45.945 3.12 5.5ms 0.00
45.960 21.22 11.9ms 0.00
45.975 6.24 6.5ms 0.00
45.990 12.48 11.0ms 0.00
46.005 5.62 12.5ms 0.00
46.020 9.36 5.9ms 0.00
46.035 14.98 9.9ms 0.00
46.050 6.24 5.4ms 0.00
46.065 18.10 10.2ms 0.00
46.080 12.48 6.5ms 0.00
46.095 11.86 9.1ms 0.00
46.110 24.34 10.6ms 0.00
46.125 24.34 9.4ms 0.00
46.140 15.60 10.0ms 0.00
46.155 6.24 12.6ms 0.00
46.170 2.50 13.2ms 0.00
46.185 24.34 10.8ms 0.00
46.200 18.72 9.1ms 0.00
46.215 5.62 11.1ms 0.00
46.230 24.34 11.0ms 0.00
46.245 9.36 8.1ms 0.00
46.260 9.36 12.0ms 0.00
46.275 5.62 13.0ms 0.00
46.290 3.12 3.2ms 0.00
46.305 21.22 10.1ms 0.00
46.320 24.34 10.1ms 0.00
46.335 12.48 8.8ms 0.00
46.350 9.36 11.1ms 0.00
46.365 2.50 12.0ms 0.00
46.380 24.34 10.0ms 0.00
46.395 6.24 5.6ms 0.00
46.410 12.48 12.0ms 0.00
46.425 5.62 13.0ms 0.00
46.440 21.84 11.1ms 0.00
46.455 2.50 12.1ms 0.00
46.470 3.12 4.4ms 0.00
46.485 6.24 6.8ms 0.00
46.500 14.98 11.1ms 0.00
46.515 15.60 9.1ms 0.00
46.530 8.74 12.6ms 0.00
46.545 9.36 6.4ms 0.00
46.560 14.98 11.5ms 0.00
46.575 24.34 9.6ms 0.00
46.590 9.36 7.1ms 0.00
46.605 14.98 11.6ms 0.00
46.620 3.12 5.6ms 0.00
46.635 21.22 11.9ms 0.00
46.650 24.34 12.2ms 0.00
46.665 15.60 7.1ms 0.00
46.680 8.74 9.2ms 0.00
46.695 21.84 10.5ms 0.00
46.710 2.50 13.0ms 0.00
46.725 9.36 8.9ms 0.00
46.740 14.98 13.1ms 0.00
46.755 24.34 18.0ms 0.00
46.770 15.60 9.8ms 0.00
46.785 8.74 10.8ms 0.00
46.800 9.36 6.0ms 0.00
46.815 3.12 7.5ms 0.00
46.830 11.86 11.0ms 0.00
46.845 24.34 17.1ms 0.00
46.860 12.48 11.2ms 0.00
46.875 11.86 19.1ms 0.00
46.890 6.24 5.9ms 0.00
46.905 18.10 11.5ms 0.00
46.920 12.48 6.9ms 0.00
46.935 3.12 8.0ms 0.00
46.950 3.12 8.0ms 0.00
46.965 5.62 9.1ms 0.00
46.980 24.34 16.0ms 0.00
46.995 24.34 11.0ms 0.00
47.010 24.34 10.5ms 0.00
47.025 9.36 7.8ms 0.00
47.040 12.48 12.5ms 0.00
47.055 2.50 13.1ms 0.00
47.070 6.24 5.4ms 0.00
47.085 18.10 10.1ms 0.00
47.100 24.34 10.4ms 0.00
47.115 24.34 10.1ms 0.00
47.130 9.36 5.5ms 0.00
47.145 9.36 8.5ms 0.00
47.160 5.62 10.2ms 0.00
47.175 15.60 7.8ms 0.00
47.190 6.24 8.6ms 0.00
47.205 2.50 10.0ms 0.00
47.220 24.34 13.8ms 0.00
47.235 21.84 9.9ms 0.00
47.250 2.50 10.2ms 0.00
47.265 15.60 9.1ms 0.00
47.280 8.74 12.4ms 0.00
47.295 21.84 9.9ms 0.00
47.310 2.50 11.2ms 0.00
47.325 24.34 9.8ms 0.00
47.340 3.12 4.5ms 0.00
47.355 21.22 12.5ms 0.00
47.370 12.48 8.9ms 0.00
47.385 11.86 12.2ms 0.00
47.400 9.36 5.6ms 0.00
47.415 9.36 8.1ms 0.00
47.430 5.62 9.4ms 0.00
47.445 24.34 12.1ms 0.00
47.460 21.84 12.4ms 0.00
47.475 2.50 13.1ms 0.00
47.490 24.34 11.2ms 0.00
47.505 12.48 9.6ms 0.00
47.520 11.86 11.6ms 0.00
47.535 3.12 5.0ms 0.00
47.550 15.60 10.0ms 0.00
47.565 5.62 12.0ms 0.00
47.580 24.34 10.9ms 0.00
47.595 24.34 9.2ms 0.00
47.610 12.48 8.8ms 0.00
47.625 11.86 13.0ms 0.00
47.640 21.84 9.6ms 0.00
47.655 2.50 10.0ms 0.00
47.670 15.60 10.5ms 0.00
47.685 6.24 13.4ms 0.00
47.700 2.50 14.4ms 0.00
47.715 21.84 9.8ms 0.00
47.730 2.50 10.4ms 0.00
47.745 12.48 7.1ms 0.00
47.760 11.86 11.4ms 0.00
47.775 6.24 8.4ms 0.00
47.790 3.12 12.8ms 0.00
47.805 6.24 18.4ms 0.00
47.820 8.74 24.5ms 0.00
47.835 12.48 14.1ms 0.00
47.850 6.24 18.0ms 0.00
47.865 5.62 21.1ms 0.00
47.880 24.34 11.4ms 0.00
47.895 24.34 11.1ms 0.00
47.910 18.72 11.2ms 0.00
47.925 5.62 13.0ms 0.00
47.940 24.34 9.4ms 0.00
47.955 24.34 10.1ms 0.00
47.970 3.12 4.4ms 0.00
47.985 21.22 11.9ms 0.00
48.000 12.48 6.0ms 0.00
48.015 11.86 9.0ms 0.00
48.030 24.34 8.6ms 0.00
48.045 3.12 3.0ms 0.00
48.060 15.60 7.6ms 0.00
48.075 3.12 9.1ms 0.00
48.090 2.50 10.0ms 0.00
48.105 21.84 10.8ms 0.00
48.120 2.50 11.1ms 0.00
48.135 15.60 10.5ms 0.00
48.150 8.74 12.0ms 0.00
48.165 24.34 10.8ms 0.00
48.180 18.72 8.1ms 0.00
48.195 5.62 10.4ms 0.00
48.210 9.36 6.0ms 0.00
48.225 14.98 10.6ms 0.00
48.240 9.36 6.2ms 0.00
48.255 14.98 10.0ms 0.00
48.270 12.48 6.6ms 0.00
48.285 6.24 8.5ms 0.00
48.300 5.62 10.1ms 0.00
48.315 24.34 13.2ms 0.00
48.330 12.48 5.8ms 0.00
48.345 11.86 9.1ms 0.00
48.360 24.34 8.4ms 0.00
48.375 24.34 11.2ms 0.00
48.390 21.84 8.2ms 0.00
48.405 2.50 9.1ms 0.00
48.420 15.60 8.2ms 0.00
48.435 8.74 10.1ms 0.00
48.450 24.34 11.2ms 0.00
48.465 9.36 6.6ms 0.00
48.480 14.98 10.1ms 0.00
48.495 24.34 9.8ms 0.00
48.510 24.34 10.1ms 0.00
48.525 24.34 9.6ms 0.00
48.540 3.12 3.1ms 0.00
48.555 6.24 4.8ms 0.00
48.570 14.98 8.9ms 0.00
48.585 12.48 9.1ms 0.00
48.600 3.12 10.0ms 0.00
48.615 3.12 10.8ms 0.00
48.630 5.62 13.0ms 0.00
48.645 24.34 11.5ms 0.00
48.660 24.34 10.0ms 0.00
48.675 9.36 6.2ms 0.00
48.690 14.98 9.8ms 0.00
48.705 24.34 12.0ms 0.00
48.720 15.60 7.5ms 0.00
48.735 8.74 9.0ms 0.00
48.750 24.34 12.6ms 0.00
48.765 24.34 10.4ms 0.00
48.780 24.34 11.2ms 0.00
48.795 24.34 21.6ms 0.00
48.810 24.34 14.9ms 0.00
48.825 24.34 9.1ms 0.00
48.840 12.48 7.5ms 0.00
48.855 11.86 11.1ms 0.00
48.870 6.24 5.4ms 0.00
48.885 18.10 11.0ms 0.00
48.900 15.60 8.9ms 0.00
48.915 8.74 11.8ms 0.00
48.930 21.84 11.5ms 0.00
48.945 2.50 13.1ms 0.00
48.960 9.36 5.9ms 0.00
48.975 14.98 10.6ms 0.00
48.990 15.60 8.1ms 0.00
49.005 8.74 10.1ms 0.00
49.020 18.72 8.9ms 0.00
49.035 5.62 11.0ms 0.00
49.050 15.60 7.4ms 0.00
49.065 8.74 10.0ms 0.00
49.080 24.34 10.4ms 0.00
49.095 21.84 9.1ms 0.00
49.110 2.50 10.4ms 0.00
49.125 24.34 9.1ms 0.00
49.140 9.36 6.4ms 0.00
49.155 14.98 10.1ms 0.00
49.170 12.48 7.2ms 0.00
49.185 11.86 11.2ms 0.00
49.200 15.60 9.4ms 0.00
49.215 8.74 12.0ms 0.00
49.230 24.34 9.2ms 0.00
49.245 18.72 9.8ms 0.00
49.260 3.12 13.0ms 0.00
49.275 2.50 13.1ms 0.00
49.290 18.72 8.8ms 0.00
49.305 5.62 12.2ms 0.00
49.320 9.36 7.2ms 0.00
49.335 12.48 11.5ms 0.00
49.350 2.50 12.8ms 0.00
49.365 12.48 8.6ms 0.00
49.380 11.86 11.4ms 0.00
49.395 24.34 10.1ms 0.00
49.410 6.24 3.8ms 0.00
49.425 6.24 5.4ms 0.00
49.440 11.86 10.1ms 0.00
49.455 9.36 4.8ms 0.00
49.470 14.98 9.9ms 0.00
49.485 9.36 4.9ms 0.00
49.500 14.98 9.0ms 0.00
49.515 24.34 10.0ms 0.00
49.530 9.36 7.4ms 0.00
49.545 14.98 12.6ms 0.00
49.560 9.36 7.4ms 0.00
49.575 14.98 12.1ms 0.00
49.590 24.34 9.4ms 0.00
49.605 24.34 11.8ms 0.00
49.620 6.24 4.8ms 0.00
49.635 18.10 16.5ms 0.00
49.650 6.24 5.0ms 0.00
49.665 12.48 7.6ms 0.00
49.680 5.62 11.1ms 0.00
49.695 12.48 7.0ms 0.00
49.710 11.86 9.8ms 0.00
49.725 3.12 4.2ms 0.00
49.740 12.48 7.1ms 0.00
49.755 8.74 9.2ms 0.00
49.770 9.36 9.5ms 0.00
49.785 14.98 20.6ms 0.00
49.800 9.36 11.4ms 0.00
49.815 14.98 18.5ms 0.00
49.830 12.48 8.2ms 0.00
49.845 11.86 12.2ms 0.00
49.860 9.36 6.8ms 0.00
49.875 14.98 10.6ms 0.00
49.890 24.34 8.9ms 0.00
49.905 24.34 10.1ms 0.00
49.920 18.72 10.4ms 0.00
49.935 5.62 12.1ms 0.00
49.950 21.84 11.4ms 0.00
49.965 2.50 12.5ms 0.00
49.980 24.34 8.9ms 0.00
49.995 6.24 5.6ms 0.00
50.010 15.60 11.1ms 0.00
50.025 2.50 12.4ms 0.00
50.040 21.84 9.5ms 0.00
50.055 2.50 11.2ms 0.00
50.070 21.84 11.8ms 0.00
50.085 2.50 11.8ms 0.00
50.100 24.34 11.9ms 0.00
50.115 24.34 9.1ms 0.00
50.130 12.48 5.4ms 0.00
50.145 11.86 9.6ms 0.00
50.160 6.24 5.1ms 0.00
50.175 18.10 11.6ms 0.00
50.190 24.34 10.4ms 0.00
50.205 15.60 7.1ms 0.00
50.220 6.24 8.5ms 0.00
50.235 2.50 9.4ms 0.00
50.250 21.84 10.5ms 0.00
50.265 2.50 12.0ms 0.00
50.280 18.72 8.1ms 0.00
50.295 5.62 9.5ms 0.00
50.310 3.12 3.2ms 0.00
50.325 6.24 5.0ms 0.00
50.340 14.98 9.1ms 0.00
50.355 24.34 8.6ms 0.00
50.370 6.24 5.9ms 0.00
50.385 15.60 9.1ms 0.00
50.400 2.50 10.4ms 0.00
50.415 24.34 10.1ms 0.00
50.430 24.34 8.6ms 0.00
50.445 21.84 11.6ms 0.00
50.460 2.50 12.0ms 0.00
50.475 18.72 7.1ms 0.00
50.490 5.62 9.0ms 0.00
50.505 9.36 6.0ms 0.00
50.520 14.98 13.1ms 0.00
50.535 24.34 15.2ms 0.00
50.550 12.48 9.5ms 0.00
50.565 11.86 13.0ms 0.00
50.580 3.12 5.4ms 0.00
50.595 6.24 8.9ms 0.00
50.610 14.98 11.0ms 0.00
50.625 24.34 9.4ms 0.00
50.640 3.12 4.6ms 0.00
50.655 3.12 6.0ms 0.00
50.670 9.36 7.4ms 0.00
50.685 8.74 10.6ms 0.00
50.700 24.34 11.1ms 0.00
50.715 24.34 10.5ms 0.00
50.730 3.12 5.0ms 0.00
50.745 15.60 9.2ms 0.00
50.760 5.62 10.8ms 0.00
50.775 24.34 10.1ms 0.00
50.790 18.72 8.5ms 0.00
50.805 5.62 10.0ms 0.00
50.820 3.12 3.2ms 0.00
50.835 6.24 5.1ms 0.00
50.850 6.24 7.4ms 0.00
50.865 3.12 8.0ms 0.00
50.880 5.62 9.5ms 0.00
50.895 18.72 8.8ms 0.00
50.910 3.12 9.1ms 0.00
50.925 2.50 10.0ms 0.00
50.940 18.72 8.9ms 0.00
50.955 5.62 10.1ms 0.00
50.970 24.34 11.1ms 0.00
50.985 24.34 12.2ms 0.00
51.000 24.34 10.0ms 0.00
51.015 21.84 8.4ms 0.00
51.030 2.50 10.1ms 0.00
51.045 12.48 9.6ms 0.00
51.060 3.12 12.0ms 0.00
51.075 8.74 13.0ms 0.00
51.090 3.12 4.5ms 0.00
51.105 12.48 7.2ms 0.00
51.120 8.74 9.2ms 0.00
51.135 6.24 5.2ms 0.00
51.150 6.24 6.6ms 0.00
51.165 11.86 9.0ms 0.00
51.180 18.72 10.2ms 0.00
51.195 5.62 12.6ms 0.00
51.210 12.48 6.5ms 0.00
51.225 6.24 8.6ms 0.00
51.240 5.62 9.9ms 0.00
51.255 12.48 6.8ms 0.00
51.270 11.86 11.2ms 0.00
51.285 12.48 5.6ms 0.00
51.300 11.86 8.9ms 0.00
51.315 9.36 6.4ms 0.00
51.330 3.12 8.2ms 0.00
51.345 11.86 11.6ms 0.00
51.360 24.34 10.8ms 0.00
51.375 24.34 10.4ms 0.00
51.390 15.60 8.2ms 0.00
51.405 8.74 11.4ms 0.00
51.420 6.24 5.0ms 0.00
51.435 9.36 8.4ms 0.00
51.450 8.74 12.8ms 0.00
51.465 12.48 7.5ms 0.00
51.480 11.86 11.2ms 0.00
51.495 24.34 11.0ms 0.00
51.510 18.72 7.6ms 0.00
51.525 5.62 8.8ms 0.00
51.540 9.36 4.8ms 0.00
51.555 14.98 8.8ms 0.00
51.570 21.84 10.1ms 0.00
51.585 2.50 12.0ms 0.00
51.600 24.34 9.0ms 0.00
51.615 24.34 12.5ms 0.00
51.630 24.34 8.9ms 0.00
51.645 21.84 8.1ms 0.00
51.660 2.50 9.0ms 0.00
51.675 24.34 8.2ms 0.00
51.690 21.84 8.9ms 0.00
51.705 2.50 11.0ms 0.00
51.720 12.48 5.9ms 0.00
51.735 11.86 8.6ms 0.00
51.750 24.34 10.9ms 0.00
51.765 24.34 16.2ms 0.00
51.780 6.24 9.2ms 0.00
51.795 18.10 14.2ms 0.00
51.810 12.48 6.2ms 0.00
51.825 11.86 10.8ms 0.00
51.840 18.72 9.6ms 0.00
51.855 5.62 10.2ms 0.00
51.870 9.36 6.8ms 0.00
51.885 14.98 12.8ms 0.00
51.900 12.48 6.9ms 0.00
51.915 11.86 9.5ms 0.00
51.930 12.48 8.0ms 0.00
51.945 11.86 9.5ms 0.00
51.960 9.36 6.5ms 0.00
51.975 14.98 10.2ms 0.00
51.990 24.34 17.4ms 0.00
52.005 15.60 9.0ms 0.00
52.020 8.74 12.8ms 0.00
52.035 24.34 12.2ms 0.00
52.050 9.36 5.0ms 0.00
52.065 12.48 8.4ms 0.00
52.080 2.50 9.1ms 0.00
52.095 18.72 11.0ms 0.00
52.110 5.62 13.0ms 0.00
52.125 15.60 8.2ms 0.00
52.140 3.12 9.0ms 0.00
52.155 5.62 10.2ms 0.00
52.170 9.36 6.5ms 0.00
52.185 12.48 10.0ms 0.00
52.200 2.50 11.1ms 0.00
52.215 9.36 5.9ms 0.00
52.230 14.98 10.2ms 0.00
52.245 6.24 4.6ms 0.00
52.260 15.60 10.1ms 0.00
52.275 2.50 11.0ms 0.00
52.290 3.12 5.2ms 0.00
52.305 21.22 12.1ms 0.00
52.320 21.84 9.1ms 0.00
52.335 2.50 13.0ms 0.00
52.350 15.60 9.2ms 0.00
52.365 8.74 11.5ms 0.00
52.380 6.24 13.0ms 0.00
52.395 9.36 15.4ms 0.00
52.410 8.74 18.2ms 0.00
52.425 24.34 16.1ms 0.00
52.440 24.34 17.2ms 0.00
52.455 3.12 4.8ms 0.00
52.470 6.24 7.1ms 0.00
52.485 3.12 8.0ms 0.00
52.500 11.86 11.9ms 0.00
52.515 3.12 4.4ms 0.00
52.530 21.22 10.6ms 0.00
52.545 21.84 9.5ms 0.00
52.560 2.50 12.2ms 0.00
52.575 15.60 12.0ms 0.00
52.590 8.74 12.0ms 0.00
52.605 12.48 15.9ms 0.00
52.620 11.86 18.0ms 0.00
52.635 18.72 8.1ms 0.00
52.650 5.62 10.4ms 0.00
52.665 9.36 7.0ms 0.00
52.680 14.98 11.4ms 0.00
52.695 12.48 7.8ms 0.00
52.710 11.86 10.0ms 0.00
52.725 9.36 4.9ms 0.00
52.740 14.98 23.6ms 0.00
52.755 9.36 6.2ms 0.00
52.770 6.24 8.6ms 0.00
52.785 3.12 10.0ms 0.00
52.800 5.62 10.9ms 0.00
52.815 3.12 11.1ms 0.00
52.830 15.60 16.4ms 0.00
52.845 5.62 18.0ms 0.00
52.860 24.34 20.9ms 0.00
52.875 21.84 21.0ms 0.00
52.890 2.50 21.1ms 0.00
52.905 24.34 10.6ms 0.00
52.920 24.34 19.2ms 0.00
52.935 3.12 11.0ms 0.00
52.950 12.48 12.5ms 0.00
52.965 3.12 14.0ms 0.00
52.980 5.62 15.0ms 0.00
52.995 18.72 6.8ms 0.00
53.010 5.62 18.4ms 0.00
53.025 18.72 32.0ms 0.00
53.040 5.62 32.4ms 0.00
53.055 24.34 15.2ms 0.00
53.070 6.24 16.2ms 0.00
53.085 18.10 21.2ms 0.00
53.100 24.34 15.1ms 0.00
53.115 9.36 4.5ms 0.00
53.130 3.12 6.2ms 0.00
53.145 11.86 9.2ms 0.00
53.160 15.60 6.1ms 0.00
53.175 3.12 8.0ms 0.00
53.190 5.62 9.0ms 0.00
53.205 12.48 6.8ms 0.00
53.220 11.86 9.9ms 0.00
53.235 21.84 9.1ms 0.00
53.250 2.50 13.9ms 0.00
53.265 15.60 8.0ms 0.00
53.280 8.74 10.0ms 0.00
53.295 24.34 15.0ms 0.00
53.310 24.34 9.0ms 0.00
53.325 6.24 3.8ms 0.00
53.340 3.12 5.5ms 0.00
53.355 14.98 9.8ms 0.00
53.370 15.60 6.9ms 0.00
53.385 3.12 8.0ms 0.00
53.400 3.12 8.5ms 0.00
53.415 2.50 9.4ms 0.00
53.430 6.24 5.0ms 0.00
53.445 6.24 6.6ms 0.00
53.460 11.86 10.4ms 0.00
53.475 21.84 8.5ms 0.00
53.490 2.50 9.5ms 0.00
53.505 6.24 5.0ms 0.00
53.520 3.12 6.2ms 0.00
53.535 14.98 9.1ms 0.00
